#-----------------------------------------------------------
# Vivado v2019.2 (64-bit)
# SW Build 2708876 on Wed Nov  6 21:39:14 MST 2019
# IP Build 2700528 on Thu Nov  7 00:09:20 MST 2019
# Start of session at: Sat Mar 18 09:18:05 2023
# Process ID: 99879
# Current directory: /home/angel/github_files/lab02-2023-1-gr05_2023-1/hdl/build_vivado
# Command line: vivado -mode batch -source ../synthesis_vivado.tcl -tclargs j1soc ../j1soc.v ../j1.v ../dpram.v ../multiplier/peripheral_mult.v ../multiplier/mult_32/acc.v ../multiplier/mult_32/comp.v ../multiplier/mult_32/control_mult.v ../multiplier/mult_32/lsr.v ../multiplier/mult_32/rsr.v ../multiplier/mult_32/mult_32.v ../divider/peripheral_div.v ../divider/div_16/control_div.v ../divider/div_16/counter_div.v ../divider/div_16/div_16.v ../divider/div_16/final_result.v ../divider/div_16/lsr_div.v ../divider/div_16/subtractor.v ../dpRAM/core_peripheric.v ../dpRAM/dualport_RAM.v ../uart/uart.v ../uart/peripheral_uart.v ../dpRAM/dpRAM_interface.v xc7a100t-1csg324 ../j1soc.xdc
# Log file: /home/angel/github_files/lab02-2023-1-gr05_2023-1/hdl/build_vivado/vivado.log
# Journal file: /home/angel/github_files/lab02-2023-1-gr05_2023-1/hdl/build_vivado/vivado.jou
#-----------------------------------------------------------
source ../synthesis_vivado.tcl
# set DESIGN [lindex $argv 0]
# set SRC [split [lindex $argv 1]]
# set DEVICE [lindex $argv 2]
# set PINS [lindex $argv 3]
# create_project -force -name $DESIGN -part $DEVICE
# set_msg_config -id {Common 17-55} -new_severity {Warning}
# read_verilog $SRC
# read_xdc $PINS
# set_property PROCESSING_ORDER EARLY [get_files $DESIGN.xdc]
# synth_design -directive default -top $DESIGN -part $DEVICE
Command: synth_design -directive default -top j1soc -part xc7a100t-1csg324
Starting synth_design
Attempting to get a license for feature 'Synthesis' and/or device 'xc7a100t'
INFO: [Common 17-349] Got license for feature 'Synthesis' and/or device 'xc7a100t'
INFO: [Device 21-403] Loading part xc7a100tcsg324-1
INFO: Launching helper process for spawning children vivado processes
INFO: Helper process launched with PID 100013 
WARNING: [Synth 8-2507] parameter declaration becomes local in dp_ram with formal parameter declaration list [/home/angel/github_files/lab02-2023-1-gr05_2023-1/hdl/dpram.v:24]
---------------------------------------------------------------------------------
Starting RTL Elaboration : Time (s): cpu = 00:00:04 ; elapsed = 00:00:06 . Memory (MB): peak = 1862.637 ; gain = 206.688 ; free physical = 7108 ; free virtual = 11531
---------------------------------------------------------------------------------
INFO: [Synth 8-6157] synthesizing module 'j1soc' [/home/angel/github_files/lab02-2023-1-gr05_2023-1/hdl/j1soc.v:1]
	Parameter bootram_file bound to: ../firmware/Hello_World/j1.mem - type: string 
	Parameter clk_freq bound to: 100000000 - type: integer 
	Parameter uart_baud_rate bound to: 115200 - type: integer 
INFO: [Synth 8-6157] synthesizing module 'j1' [/home/angel/github_files/lab02-2023-1-gr05_2023-1/hdl/j1.v:1]
	Parameter bootram_file bound to: ../firmware/Hello_World/j1.mem - type: string 
INFO: [Synth 8-6157] synthesizing module 'dp_ram' [/home/angel/github_files/lab02-2023-1-gr05_2023-1/hdl/dpram.v:5]
	Parameter adr_width bound to: 13 - type: integer 
	Parameter dat_width bound to: 16 - type: integer 
	Parameter mem_file_name bound to: ../firmware/Hello_World/j1.mem - type: string 
	Parameter depth bound to: 8192 - type: integer 
INFO: [Synth 8-3876] $readmem data file '../firmware/Hello_World/j1.mem' is read successfully [/home/angel/github_files/lab02-2023-1-gr05_2023-1/hdl/dpram.v:52]
INFO: [Synth 8-6155] done synthesizing module 'dp_ram' (1#1) [/home/angel/github_files/lab02-2023-1-gr05_2023-1/hdl/dpram.v:5]
WARNING: [Synth 8-689] width (15) of port connection 'adr_a' does not match port width (13) of module 'dp_ram' [/home/angel/github_files/lab02-2023-1-gr05_2023-1/hdl/j1.v:47]
INFO: [Synth 8-226] default block is never used [/home/angel/github_files/lab02-2023-1-gr05_2023-1/hdl/j1.v:65]
INFO: [Synth 8-226] default block is never used [/home/angel/github_files/lab02-2023-1-gr05_2023-1/hdl/j1.v:79]
INFO: [Synth 8-6155] done synthesizing module 'j1' (2#1) [/home/angel/github_files/lab02-2023-1-gr05_2023-1/hdl/j1.v:1]
INFO: [Synth 8-6157] synthesizing module 'peripheral_mult' [/home/angel/github_files/lab02-2023-1-gr05_2023-1/hdl/multiplier/peripheral_mult.v:1]
INFO: [Synth 8-6157] synthesizing module 'mult_32' [/home/angel/github_files/lab02-2023-1-gr05_2023-1/hdl/multiplier/mult_32/mult_32.v:1]
INFO: [Synth 8-6157] synthesizing module 'rsr' [/home/angel/github_files/lab02-2023-1-gr05_2023-1/hdl/multiplier/mult_32/rsr.v:1]
INFO: [Synth 8-6155] done synthesizing module 'rsr' (3#1) [/home/angel/github_files/lab02-2023-1-gr05_2023-1/hdl/multiplier/mult_32/rsr.v:1]
INFO: [Synth 8-6157] synthesizing module 'lsr' [/home/angel/github_files/lab02-2023-1-gr05_2023-1/hdl/multiplier/mult_32/lsr.v:1]
INFO: [Synth 8-6155] done synthesizing module 'lsr' (4#1) [/home/angel/github_files/lab02-2023-1-gr05_2023-1/hdl/multiplier/mult_32/lsr.v:1]
INFO: [Synth 8-6157] synthesizing module 'comp' [/home/angel/github_files/lab02-2023-1-gr05_2023-1/hdl/multiplier/mult_32/comp.v:1]
INFO: [Synth 8-6155] done synthesizing module 'comp' (5#1) [/home/angel/github_files/lab02-2023-1-gr05_2023-1/hdl/multiplier/mult_32/comp.v:1]
INFO: [Synth 8-6157] synthesizing module 'acc' [/home/angel/github_files/lab02-2023-1-gr05_2023-1/hdl/multiplier/mult_32/acc.v:1]
INFO: [Synth 8-6155] done synthesizing module 'acc' (6#1) [/home/angel/github_files/lab02-2023-1-gr05_2023-1/hdl/multiplier/mult_32/acc.v:1]
INFO: [Synth 8-6157] synthesizing module 'control_mult' [/home/angel/github_files/lab02-2023-1-gr05_2023-1/hdl/multiplier/mult_32/control_mult.v:1]
	Parameter START bound to: 3'b000 
	Parameter CHECK bound to: 3'b001 
	Parameter SHIFT bound to: 3'b010 
	Parameter ADD bound to: 3'b011 
	Parameter END bound to: 3'b100 
WARNING: [Synth 8-6014] Unused sequential element count_reg was removed.  [/home/angel/github_files/lab02-2023-1-gr05_2023-1/hdl/multiplier/mult_32/control_mult.v:41]
INFO: [Synth 8-6155] done synthesizing module 'control_mult' (7#1) [/home/angel/github_files/lab02-2023-1-gr05_2023-1/hdl/multiplier/mult_32/control_mult.v:1]
INFO: [Synth 8-6155] done synthesizing module 'mult_32' (8#1) [/home/angel/github_files/lab02-2023-1-gr05_2023-1/hdl/multiplier/mult_32/mult_32.v:1]
INFO: [Synth 8-6155] done synthesizing module 'peripheral_mult' (9#1) [/home/angel/github_files/lab02-2023-1-gr05_2023-1/hdl/multiplier/peripheral_mult.v:1]
INFO: [Synth 8-6157] synthesizing module 'peripheral_div' [/home/angel/github_files/lab02-2023-1-gr05_2023-1/hdl/divider/peripheral_div.v:1]
INFO: [Synth 8-6157] synthesizing module 'div_16' [/home/angel/github_files/lab02-2023-1-gr05_2023-1/hdl/divider/div_16/div_16.v:1]
INFO: [Synth 8-6157] synthesizing module 'lsr_div' [/home/angel/github_files/lab02-2023-1-gr05_2023-1/hdl/divider/div_16/lsr_div.v:1]
INFO: [Synth 8-6155] done synthesizing module 'lsr_div' (10#1) [/home/angel/github_files/lab02-2023-1-gr05_2023-1/hdl/divider/div_16/lsr_div.v:1]
INFO: [Synth 8-6157] synthesizing module 'subtractor' [/home/angel/github_files/lab02-2023-1-gr05_2023-1/hdl/divider/div_16/subtractor.v:1]
INFO: [Synth 8-6155] done synthesizing module 'subtractor' (11#1) [/home/angel/github_files/lab02-2023-1-gr05_2023-1/hdl/divider/div_16/subtractor.v:1]
INFO: [Synth 8-6157] synthesizing module 'counter_div' [/home/angel/github_files/lab02-2023-1-gr05_2023-1/hdl/divider/div_16/counter_div.v:1]
INFO: [Synth 8-6155] done synthesizing module 'counter_div' (12#1) [/home/angel/github_files/lab02-2023-1-gr05_2023-1/hdl/divider/div_16/counter_div.v:1]
INFO: [Synth 8-6157] synthesizing module 'control_div' [/home/angel/github_files/lab02-2023-1-gr05_2023-1/hdl/divider/div_16/control_div.v:1]
	Parameter START bound to: 3'b000 
	Parameter SHIFT_DEC bound to: 3'b001 
	Parameter CHECK bound to: 3'b010 
	Parameter ADD bound to: 3'b011 
	Parameter LOAD bound to: 3'b101 
	Parameter END1 bound to: 3'b100 
INFO: [Synth 8-6155] done synthesizing module 'control_div' (13#1) [/home/angel/github_files/lab02-2023-1-gr05_2023-1/hdl/divider/div_16/control_div.v:1]
INFO: [Synth 8-6157] synthesizing module 'final_result' [/home/angel/github_files/lab02-2023-1-gr05_2023-1/hdl/divider/div_16/final_result.v:1]
INFO: [Synth 8-6155] done synthesizing module 'final_result' (14#1) [/home/angel/github_files/lab02-2023-1-gr05_2023-1/hdl/divider/div_16/final_result.v:1]
INFO: [Synth 8-6155] done synthesizing module 'div_16' (15#1) [/home/angel/github_files/lab02-2023-1-gr05_2023-1/hdl/divider/div_16/div_16.v:1]
INFO: [Synth 8-6155] done synthesizing module 'peripheral_div' (16#1) [/home/angel/github_files/lab02-2023-1-gr05_2023-1/hdl/divider/peripheral_div.v:1]
INFO: [Synth 8-6157] synthesizing module 'peripheral_uart' [/home/angel/github_files/lab02-2023-1-gr05_2023-1/hdl/uart/peripheral_uart.v:1]
INFO: [Synth 8-6157] synthesizing module 'uart' [/home/angel/github_files/lab02-2023-1-gr05_2023-1/hdl/uart/uart.v:1]
INFO: [Synth 8-6155] done synthesizing module 'uart' (17#1) [/home/angel/github_files/lab02-2023-1-gr05_2023-1/hdl/uart/uart.v:1]
INFO: [Synth 8-6155] done synthesizing module 'peripheral_uart' (18#1) [/home/angel/github_files/lab02-2023-1-gr05_2023-1/hdl/uart/peripheral_uart.v:1]
WARNING: [Synth 8-3848] Net dp_ram_dout in module/entity j1soc does not have driver. [/home/angel/github_files/lab02-2023-1-gr05_2023-1/hdl/j1soc.v:24]
INFO: [Synth 8-6155] done synthesizing module 'j1soc' (19#1) [/home/angel/github_files/lab02-2023-1-gr05_2023-1/hdl/j1soc.v:1]
WARNING: [Synth 8-3331] design peripheral_uart has unconnected port d_in[15]
WARNING: [Synth 8-3331] design peripheral_uart has unconnected port d_in[14]
WARNING: [Synth 8-3331] design peripheral_uart has unconnected port d_in[13]
WARNING: [Synth 8-3331] design peripheral_uart has unconnected port d_in[12]
WARNING: [Synth 8-3331] design peripheral_uart has unconnected port d_in[11]
WARNING: [Synth 8-3331] design peripheral_uart has unconnected port d_in[10]
WARNING: [Synth 8-3331] design peripheral_uart has unconnected port d_in[9]
WARNING: [Synth 8-3331] design peripheral_uart has unconnected port d_in[8]
WARNING: [Synth 8-3331] design j1soc has unconnected port uart_rx
---------------------------------------------------------------------------------
Finished RTL Elaboration : Time (s): cpu = 00:00:06 ; elapsed = 00:00:07 . Memory (MB): peak = 1904.512 ; gain = 248.562 ; free physical = 7120 ; free virtual = 11572
---------------------------------------------------------------------------------

Report Check Netlist: 
+------+------------------+-------+---------+-------+------------------+
|      |Item              |Errors |Warnings |Status |Description       |
+------+------------------+-------+---------+-------+------------------+
|1     |multi_driven_nets |      0|        0|Passed |Multi driven nets |
+------+------------------+-------+---------+-------+------------------+
---------------------------------------------------------------------------------
Start Handling Custom Attributes
---------------------------------------------------------------------------------
---------------------------------------------------------------------------------
Finished Handling Custom Attributes : Time (s): cpu = 00:00:06 ; elapsed = 00:00:08 . Memory (MB): peak = 1921.355 ; gain = 265.406 ; free physical = 7127 ; free virtual = 11570
---------------------------------------------------------------------------------
---------------------------------------------------------------------------------
Finished RTL Optimization Phase 1 : Time (s): cpu = 00:00:06 ; elapsed = 00:00:08 . Memory (MB): peak = 1921.355 ; gain = 265.406 ; free physical = 7126 ; free virtual = 11569
---------------------------------------------------------------------------------
Netlist sorting complete. Time (s): cpu = 00:00:00 ; elapsed = 00:00:00.01 . Memory (MB): peak = 1921.355 ; gain = 0.000 ; free physical = 7120 ; free virtual = 11563
INFO: [Project 1-570] Preparing netlist for logic optimization

Processing XDC Constraints
Initializing timing engine
Parsing XDC File [/home/angel/github_files/lab02-2023-1-gr05_2023-1/hdl/j1soc.xdc]
Finished Parsing XDC File [/home/angel/github_files/lab02-2023-1-gr05_2023-1/hdl/j1soc.xdc]
INFO: [Project 1-236] Implementation specific constraints were found while reading constraint file [/home/angel/github_files/lab02-2023-1-gr05_2023-1/hdl/j1soc.xdc]. These constraints will be ignored for synthesis but will be used in implementation. Impacted constraints are listed in the file [.Xil/j1soc_propImpl.xdc].
Resolution: To avoid this warning, move constraints listed in [.Xil/j1soc_propImpl.xdc] to another XDC file and exclude this new file from synthesis with the used_in_synthesis property (File Properties dialog in GUI) and re-run elaboration/synthesis.
Completed Processing XDC Constraints

Netlist sorting complete. Time (s): cpu = 00:00:00 ; elapsed = 00:00:00 . Memory (MB): peak = 2092.074 ; gain = 0.000 ; free physical = 7019 ; free virtual = 11472
INFO: [Project 1-111] Unisim Transformation Summary:
No Unisim elements were transformed.

Constraint Validation Runtime : Time (s): cpu = 00:00:00.01 ; elapsed = 00:00:00 . Memory (MB): peak = 2092.074 ; gain = 0.000 ; free physical = 7019 ; free virtual = 11472
---------------------------------------------------------------------------------
Finished Constraint Validation : Time (s): cpu = 00:00:13 ; elapsed = 00:00:16 . Memory (MB): peak = 2092.074 ; gain = 436.125 ; free physical = 7102 ; free virtual = 11542
---------------------------------------------------------------------------------
---------------------------------------------------------------------------------
Start Loading Part and Timing Information
---------------------------------------------------------------------------------
Loading part: xc7a100tcsg324-1
---------------------------------------------------------------------------------
Finished Loading Part and Timing Information : Time (s): cpu = 00:00:13 ; elapsed = 00:00:16 . Memory (MB): peak = 2092.074 ; gain = 436.125 ; free physical = 7100 ; free virtual = 11540
---------------------------------------------------------------------------------
---------------------------------------------------------------------------------
Start Applying 'set_property' XDC Constraints
---------------------------------------------------------------------------------
---------------------------------------------------------------------------------
Finished applying 'set_property' XDC Constraints : Time (s): cpu = 00:00:13 ; elapsed = 00:00:16 . Memory (MB): peak = 2092.074 ; gain = 436.125 ; free physical = 7098 ; free virtual = 11541
---------------------------------------------------------------------------------
INFO: [Synth 8-802] inferred FSM for state register 'state_reg' in module 'control_mult'
INFO: [Synth 8-5544] ROM "d_out" won't be mapped to Block RAM because address size (3) smaller than threshold (5)
INFO: [Synth 8-802] inferred FSM for state register 'state_reg' in module 'control_div'
INFO: [Synth 8-5544] ROM "d_out" won't be mapped to Block RAM because address size (3) smaller than threshold (5)
INFO: [Synth 8-5546] ROM "cs" won't be mapped to RAM because it is too sparse
---------------------------------------------------------------------------------------------------
                   State |                     New Encoding |                Previous Encoding 
---------------------------------------------------------------------------------------------------
                   START |                            00001 |                              000
                   CHECK |                            00010 |                              001
                   SHIFT |                            00100 |                              010
                     ADD |                            01000 |                              011
                     END |                            10000 |                              100
---------------------------------------------------------------------------------------------------
INFO: [Synth 8-3354] encoded FSM with state register 'state_reg' using encoding 'one-hot' in module 'control_mult'
---------------------------------------------------------------------------------------------------
                   State |                     New Encoding |                Previous Encoding 
---------------------------------------------------------------------------------------------------
                   START |                           000001 |                              000
               SHIFT_DEC |                           000010 |                              001
                   CHECK |                           000100 |                              010
                     ADD |                           001000 |                              011
                    LOAD |                           010000 |                              101
                    END1 |                           100000 |                              100
---------------------------------------------------------------------------------------------------
INFO: [Synth 8-3354] encoded FSM with state register 'state_reg' using encoding 'one-hot' in module 'control_div'
WARNING: [Synth 8-327] inferring latch for variable 'DV0_reg' [/home/angel/github_files/lab02-2023-1-gr05_2023-1/hdl/divider/div_16/control_div.v:82]
WARNING: [Synth 8-327] inferring latch for variable 'ledout2t_reg' [/home/angel/github_files/lab02-2023-1-gr05_2023-1/hdl/j1soc.v:80]
---------------------------------------------------------------------------------
Finished RTL Optimization Phase 2 : Time (s): cpu = 00:00:13 ; elapsed = 00:00:17 . Memory (MB): peak = 2092.074 ; gain = 436.125 ; free physical = 7074 ; free virtual = 11528
---------------------------------------------------------------------------------

Report RTL Partitions: 
+-+--------------+------------+----------+
| |RTL Partition |Replication |Instances |
+-+--------------+------------+----------+
+-+--------------+------------+----------+
---------------------------------------------------------------------------------
Start RTL Component Statistics 
---------------------------------------------------------------------------------
Detailed RTL Component Info : 
+---Adders : 
	   2 Input     21 Bit       Adders := 1     
	   2 Input     16 Bit       Adders := 2     
	   3 Input     16 Bit       Adders := 1     
	   2 Input     14 Bit       Adders := 1     
	   2 Input      5 Bit       Adders := 6     
	   2 Input      4 Bit       Adders := 2     
+---XORs : 
	   2 Input     16 Bit         XORs := 1     
+---Registers : 
	               32 Bit    Registers := 1     
	               16 Bit    Registers := 14    
	               13 Bit    Registers := 1     
	                9 Bit    Registers := 1     
	                8 Bit    Registers := 1     
	                5 Bit    Registers := 3     
	                4 Bit    Registers := 2     
	                1 Bit    Registers := 5     
+---RAMs : 
	             128K Bit         RAMs := 1     
	              512 Bit         RAMs := 1     
+---Muxes : 
	   2 Input     32 Bit        Muxes := 1     
	   2 Input     29 Bit        Muxes := 1     
	   2 Input     16 Bit        Muxes := 14    
	  16 Input     16 Bit        Muxes := 1     
	   4 Input     16 Bit        Muxes := 2     
	   3 Input     16 Bit        Muxes := 2     
	   2 Input     13 Bit        Muxes := 7     
	   2 Input      9 Bit        Muxes := 2     
	   7 Input      6 Bit        Muxes := 1     
	   6 Input      6 Bit        Muxes := 1     
	   2 Input      6 Bit        Muxes := 5     
	   2 Input      5 Bit        Muxes := 10    
	   5 Input      5 Bit        Muxes := 1     
	   6 Input      5 Bit        Muxes := 1     
	   4 Input      4 Bit        Muxes := 1     
	   6 Input      4 Bit        Muxes := 1     
	   3 Input      4 Bit        Muxes := 1     
	   2 Input      4 Bit        Muxes := 2     
	   5 Input      4 Bit        Muxes := 1     
	   3 Input      3 Bit        Muxes := 1     
	   4 Input      3 Bit        Muxes := 1     
	   2 Input      3 Bit        Muxes := 2     
	   2 Input      2 Bit        Muxes := 2     
	   2 Input      1 Bit        Muxes := 9     
	   6 Input      1 Bit        Muxes := 2     
---------------------------------------------------------------------------------
Finished RTL Component Statistics 
---------------------------------------------------------------------------------
---------------------------------------------------------------------------------
Start RTL Hierarchical Component Statistics 
---------------------------------------------------------------------------------
Hierarchical RTL Component report 
Module j1soc 
Detailed RTL Component Info : 
+---Adders : 
	   2 Input     21 Bit       Adders := 1     
+---Muxes : 
	   2 Input      4 Bit        Muxes := 1     
	   5 Input      4 Bit        Muxes := 1     
Module dp_ram 
Detailed RTL Component Info : 
+---Registers : 
	               16 Bit    Registers := 2     
+---RAMs : 
	             128K Bit         RAMs := 1     
Module j1 
Detailed RTL Component Info : 
+---Adders : 
	   2 Input     16 Bit       Adders := 2     
	   2 Input     14 Bit       Adders := 1     
	   2 Input      5 Bit       Adders := 4     
+---XORs : 
	   2 Input     16 Bit         XORs := 1     
+---Registers : 
	               13 Bit    Registers := 1     
	                5 Bit    Registers := 2     
+---RAMs : 
	              512 Bit         RAMs := 1     
+---Muxes : 
	   2 Input     16 Bit        Muxes := 6     
	  16 Input     16 Bit        Muxes := 1     
	   2 Input     13 Bit        Muxes := 7     
	   2 Input      5 Bit        Muxes := 4     
	   4 Input      4 Bit        Muxes := 1     
	   2 Input      2 Bit        Muxes := 1     
	   2 Input      1 Bit        Muxes := 2     
Module rsr 
Detailed RTL Component Info : 
+---Registers : 
	               16 Bit    Registers := 1     
+---Muxes : 
	   2 Input     16 Bit        Muxes := 1     
	   2 Input      1 Bit        Muxes := 1     
Module lsr 
Detailed RTL Component Info : 
+---Registers : 
	               32 Bit    Registers := 1     
+---Muxes : 
	   2 Input     32 Bit        Muxes := 1     
	   2 Input      1 Bit        Muxes := 1     
Module control_mult 
Detailed RTL Component Info : 
+---Muxes : 
	   5 Input      5 Bit        Muxes := 1     
	   2 Input      5 Bit        Muxes := 4     
Module peripheral_mult 
Detailed RTL Component Info : 
+---Registers : 
	               16 Bit    Registers := 3     
	                1 Bit    Registers := 1     
+---Muxes : 
	   4 Input     16 Bit        Muxes := 2     
	   7 Input      6 Bit        Muxes := 1     
Module lsr_div 
Detailed RTL Component Info : 
+---Registers : 
	               16 Bit    Registers := 2     
+---Muxes : 
	   2 Input     16 Bit        Muxes := 2     
	   2 Input      1 Bit        Muxes := 2     
Module subtractor 
Detailed RTL Component Info : 
+---Adders : 
	   3 Input     16 Bit       Adders := 1     
+---Registers : 
	               16 Bit    Registers := 1     
Module counter_div 
Detailed RTL Component Info : 
+---Adders : 
	   2 Input      5 Bit       Adders := 2     
+---Registers : 
	                5 Bit    Registers := 1     
	                1 Bit    Registers := 1     
+---Muxes : 
	   2 Input      5 Bit        Muxes := 2     
	   2 Input      1 Bit        Muxes := 1     
Module control_div 
Detailed RTL Component Info : 
+---Adders : 
	   2 Input      4 Bit       Adders := 1     
+---Registers : 
	                4 Bit    Registers := 1     
+---Muxes : 
	   6 Input      6 Bit        Muxes := 1     
	   2 Input      6 Bit        Muxes := 5     
	   6 Input      4 Bit        Muxes := 1     
	   6 Input      1 Bit        Muxes := 2     
Module final_result 
Detailed RTL Component Info : 
+---Registers : 
	               16 Bit    Registers := 1     
+---Muxes : 
	   2 Input     16 Bit        Muxes := 1     
Module peripheral_div 
Detailed RTL Component Info : 
+---Registers : 
	               16 Bit    Registers := 3     
	                1 Bit    Registers := 1     
+---Muxes : 
	   2 Input     16 Bit        Muxes := 2     
	   3 Input     16 Bit        Muxes := 2     
	   6 Input      5 Bit        Muxes := 1     
Module uart 
Detailed RTL Component Info : 
+---Adders : 
	   2 Input      4 Bit       Adders := 1     
+---Registers : 
	                9 Bit    Registers := 1     
	                4 Bit    Registers := 1     
	                1 Bit    Registers := 1     
+---Muxes : 
	   2 Input     29 Bit        Muxes := 1     
	   2 Input      9 Bit        Muxes := 2     
	   3 Input      4 Bit        Muxes := 1     
	   2 Input      4 Bit        Muxes := 1     
	   3 Input      3 Bit        Muxes := 1     
	   2 Input      1 Bit        Muxes := 2     
Module peripheral_uart 
Detailed RTL Component Info : 
+---Registers : 
	               16 Bit    Registers := 1     
	                8 Bit    Registers := 1     
	                1 Bit    Registers := 1     
+---Muxes : 
	   2 Input     16 Bit        Muxes := 2     
	   4 Input      3 Bit        Muxes := 1     
	   2 Input      3 Bit        Muxes := 2     
	   2 Input      2 Bit        Muxes := 1     
---------------------------------------------------------------------------------
Finished RTL Hierarchical Component Statistics
---------------------------------------------------------------------------------
---------------------------------------------------------------------------------
Start Part Resource Summary
---------------------------------------------------------------------------------
Part Resources:
DSPs: 240 (col length:80)
BRAMs: 270 (col length: RAMB18 80 RAMB36 40)
---------------------------------------------------------------------------------
Finished Part Resource Summary
---------------------------------------------------------------------------------
---------------------------------------------------------------------------------
Start Cross Boundary and Area Optimization
---------------------------------------------------------------------------------
Warning: Parallel synthesis criteria is not met 
INFO: [Synth 8-5544] ROM "per_m/d_out" won't be mapped to Block RAM because address size (3) smaller than threshold (5)
WARNING: [Synth 8-3331] design j1soc has unconnected port uart_rx
INFO: [Synth 8-3886] merging instance 'per_u/d_out_reg[4]' (FDE_1) to 'per_u/d_out_reg[5]'
INFO: [Synth 8-3886] merging instance 'per_u/d_out_reg[5]' (FDE_1) to 'per_u/d_out_reg[6]'
INFO: [Synth 8-3886] merging instance 'per_u/d_out_reg[6]' (FDE_1) to 'per_u/d_out_reg[7]'
INFO: [Synth 8-3886] merging instance 'per_u/d_out_reg[7]' (FDE_1) to 'per_u/d_out_reg[2]'
INFO: [Synth 8-3886] merging instance 'per_u/d_out_reg[2]' (FDE_1) to 'per_u/d_out_reg[8]'
INFO: [Synth 8-3886] merging instance 'per_u/d_out_reg[8]' (FDE_1) to 'per_u/d_out_reg[9]'
INFO: [Synth 8-3886] merging instance 'per_u/d_out_reg[9]' (FDE_1) to 'per_u/d_out_reg[12]'
INFO: [Synth 8-3886] merging instance 'per_u/d_out_reg[12]' (FDE_1) to 'per_u/d_out_reg[10]'
INFO: [Synth 8-3886] merging instance 'per_u/d_out_reg[10]' (FDE_1) to 'per_u/d_out_reg[11]'
INFO: [Synth 8-3886] merging instance 'per_u/d_out_reg[11]' (FDE_1) to 'per_u/d_out_reg[13]'
INFO: [Synth 8-3886] merging instance 'per_u/d_out_reg[13]' (FDE_1) to 'per_u/d_out_reg[14]'
INFO: [Synth 8-3886] merging instance 'per_u/d_out_reg[14]' (FDE_1) to 'per_u/d_out_reg[15]'
INFO: [Synth 8-3886] merging instance 'per_u/d_out_reg[15]' (FDE_1) to 'per_u/d_out_reg[1]'
INFO: [Synth 8-3886] merging instance 'per_u/d_out_reg[1]' (FDE_1) to 'per_u/d_out_reg[3]'
INFO: [Synth 8-3333] propagating constant 0 across sequential element (\per_u/d_out_reg[3] )
---------------------------------------------------------------------------------
Finished Cross Boundary and Area Optimization : Time (s): cpu = 00:00:18 ; elapsed = 00:00:22 . Memory (MB): peak = 2092.074 ; gain = 436.125 ; free physical = 7059 ; free virtual = 11511
---------------------------------------------------------------------------------
---------------------------------------------------------------------------------
Start ROM, RAM, DSP and Shift Register Reporting
---------------------------------------------------------------------------------

Block RAM: Preliminary Mapping	Report (see note below)
+------------+-------------------+------------------------+---+---+------------------------+---+---+------------------+--------+--------+
|Module Name | RTL Object        | PORT A (Depth x Width) | W | R | PORT B (Depth x Width) | W | R | Ports driving FF | RAMB18 | RAMB36 | 
+------------+-------------------+------------------------+---+---+------------------------+---+---+------------------+--------+--------+
|j1soc       | cpu0/ram0/ram_reg | 8 K x 16(NO_CHANGE)    | W | R | 8 K x 16(WRITE_FIRST)  |   | R | Port A and B     | 0      | 4      | 
+------------+-------------------+------------------------+---+---+------------------------+---+---+------------------+--------+--------+

Note: The table above is a preliminary report that shows the Block RAMs at the current stage of the synthesis flow. Some Block RAMs may be reimplemented as non Block RAM primitives later in the synthesis flow. Multiple instantiated Block RAMs are reported only once. 

Distributed RAM: Preliminary Mapping	Report (see note below)
+------------+-----------------+-----------+----------------------+-------------+
|Module Name | RTL Object      | Inference | Size (Depth x Width) | Primitives  | 
+------------+-----------------+-----------+----------------------+-------------+
|j1soc       | cpu0/dstack_reg | Implied   | 32 x 16              | RAM32M x 3	 | 
|j1soc       | cpu0/rstack_reg | Implied   | 32 x 16              | RAM32M x 3	 | 
+------------+-----------------+-----------+----------------------+-------------+

Note: The table above is a preliminary report that shows the Distributed RAMs at the current stage of the synthesis flow. Some Distributed RAMs may be reimplemented as non Distributed RAM primitives later in the synthesis flow. Multiple instantiated RAMs are reported only once.
---------------------------------------------------------------------------------
Finished ROM, RAM, DSP and Shift Register Reporting
---------------------------------------------------------------------------------

Report RTL Partitions: 
+-+--------------+------------+----------+
| |RTL Partition |Replication |Instances |
+-+--------------+------------+----------+
+-+--------------+------------+----------+
---------------------------------------------------------------------------------
Start Applying XDC Timing Constraints
---------------------------------------------------------------------------------
---------------------------------------------------------------------------------
Finished Applying XDC Timing Constraints : Time (s): cpu = 00:00:24 ; elapsed = 00:00:30 . Memory (MB): peak = 2092.074 ; gain = 436.125 ; free physical = 6934 ; free virtual = 11378
---------------------------------------------------------------------------------
---------------------------------------------------------------------------------
Start Timing Optimization
---------------------------------------------------------------------------------
---------------------------------------------------------------------------------
Finished Timing Optimization : Time (s): cpu = 00:00:28 ; elapsed = 00:00:34 . Memory (MB): peak = 2092.074 ; gain = 436.125 ; free physical = 6923 ; free virtual = 11362
---------------------------------------------------------------------------------
---------------------------------------------------------------------------------
Start ROM, RAM, DSP and Shift Register Reporting
---------------------------------------------------------------------------------

Block RAM: Final Mapping	Report
+------------+-------------------+------------------------+---+---+------------------------+---+---+------------------+--------+--------+
|Module Name | RTL Object        | PORT A (Depth x Width) | W | R | PORT B (Depth x Width) | W | R | Ports driving FF | RAMB18 | RAMB36 | 
+------------+-------------------+------------------------+---+---+------------------------+---+---+------------------+--------+--------+
|j1soc       | cpu0/ram0/ram_reg | 8 K x 16(NO_CHANGE)    | W | R | 8 K x 16(WRITE_FIRST)  |   | R | Port A and B     | 0      | 4      | 
+------------+-------------------+------------------------+---+---+------------------------+---+---+------------------+--------+--------+


Distributed RAM: Final Mapping	Report
+------------+-----------------+-----------+----------------------+-------------+
|Module Name | RTL Object      | Inference | Size (Depth x Width) | Primitives  | 
+------------+-----------------+-----------+----------------------+-------------+
|j1soc       | cpu0/dstack_reg | Implied   | 32 x 16              | RAM32M x 3	 | 
|j1soc       | cpu0/rstack_reg | Implied   | 32 x 16              | RAM32M x 3	 | 
+------------+-----------------+-----------+----------------------+-------------+

---------------------------------------------------------------------------------
Finished ROM, RAM, DSP and Shift Register Reporting
---------------------------------------------------------------------------------

Report RTL Partitions: 
+-+--------------+------------+----------+
| |RTL Partition |Replication |Instances |
+-+--------------+------------+----------+
+-+--------------+------------+----------+
---------------------------------------------------------------------------------
Start Technology Mapping
---------------------------------------------------------------------------------
CRITICAL WARNING: [Synth 8-5971] Combinational loop found in the design within module (j1soc) during invertor optimization at instance (i_1425) [/home/angel/github_files/lab02-2023-1-gr05_2023-1/hdl/j1soc.v:83]
INFO: [Synth 8-3886] merging instance 'cpu0/rsp_reg_rep[0]' (FDR) to 'cpu0/rsp_reg[0]'
INFO: [Synth 8-3886] merging instance 'cpu0/rsp_reg_rep[1]' (FDR) to 'cpu0/rsp_reg[1]'
INFO: [Synth 8-3886] merging instance 'cpu0/rsp_reg_rep[2]' (FDR) to 'cpu0/rsp_reg[2]'
INFO: [Synth 8-3886] merging instance 'cpu0/rsp_reg_rep[3]' (FDR) to 'cpu0/rsp_reg[3]'
INFO: [Synth 8-3886] merging instance 'cpu0/rsp_reg_rep[4]' (FDR) to 'cpu0/rsp_reg[4]'
INFO: [Synth 8-3886] merging instance 'cpu0/dsp_reg_rep[4]' (FDR) to 'cpu0/dsp_reg[4]'
INFO: [Synth 8-3886] merging instance 'cpu0/dsp_reg_rep[0]' (FDR) to 'cpu0/dsp_reg[0]'
INFO: [Synth 8-3886] merging instance 'cpu0/dsp_reg_rep[1]' (FDR) to 'cpu0/dsp_reg[1]'
INFO: [Synth 8-3886] merging instance 'cpu0/dsp_reg_rep[2]' (FDR) to 'cpu0/dsp_reg[2]'
INFO: [Synth 8-3886] merging instance 'cpu0/dsp_reg_rep[3]' (FDR) to 'cpu0/dsp_reg[3]'
Found timing loop:
     0: i_547/O (LUT1)
      [/home/angel/github_files/lab02-2023-1-gr05_2023-1/hdl/j1soc.v:83]
     1: i_547/I0 (LUT1)
     2: i_547/O (LUT1)
CRITICAL WARNING: [Synth 8-295] found timing loop. [/home/angel/github_files/lab02-2023-1-gr05_2023-1/hdl/j1soc.v:1]
Inferred a: "set_disable_timing -from I0 -to O i_547"
INFO: [Synth 8-7053] The timing for the instance cpu0/ram0/ram_reg_0 (implemented as a Block RAM) might be sub-optimal as no optional output register could be merged into the ram block. Providing additional output register may help in improving timing.
INFO: [Synth 8-7053] The timing for the instance cpu0/ram0/ram_reg_0 (implemented as a Block RAM) might be sub-optimal as no optional output register could be merged into the ram block. Providing additional output register may help in improving timing.
INFO: [Synth 8-7053] The timing for the instance cpu0/ram0/ram_reg_1 (implemented as a Block RAM) might be sub-optimal as no optional output register could be merged into the ram block. Providing additional output register may help in improving timing.
INFO: [Synth 8-7053] The timing for the instance cpu0/ram0/ram_reg_1 (implemented as a Block RAM) might be sub-optimal as no optional output register could be merged into the ram block. Providing additional output register may help in improving timing.
INFO: [Synth 8-7053] The timing for the instance cpu0/ram0/ram_reg_2 (implemented as a Block RAM) might be sub-optimal as no optional output register could be merged into the ram block. Providing additional output register may help in improving timing.
INFO: [Synth 8-7053] The timing for the instance cpu0/ram0/ram_reg_2 (implemented as a Block RAM) might be sub-optimal as no optional output register could be merged into the ram block. Providing additional output register may help in improving timing.
INFO: [Synth 8-7053] The timing for the instance cpu0/ram0/ram_reg_3 (implemented as a Block RAM) might be sub-optimal as no optional output register could be merged into the ram block. Providing additional output register may help in improving timing.
INFO: [Synth 8-7053] The timing for the instance cpu0/ram0/ram_reg_3 (implemented as a Block RAM) might be sub-optimal as no optional output register could be merged into the ram block. Providing additional output register may help in improving timing.
---------------------------------------------------------------------------------
Finished Technology Mapping : Time (s): cpu = 00:00:28 ; elapsed = 00:00:34 . Memory (MB): peak = 2092.074 ; gain = 436.125 ; free physical = 6920 ; free virtual = 11370
---------------------------------------------------------------------------------

Report RTL Partitions: 
+-+--------------+------------+----------+
| |RTL Partition |Replication |Instances |
+-+--------------+------------+----------+
+-+--------------+------------+----------+
---------------------------------------------------------------------------------
Start IO Insertion
---------------------------------------------------------------------------------
---------------------------------------------------------------------------------
Start Flattening Before IO Insertion
---------------------------------------------------------------------------------
---------------------------------------------------------------------------------
Finished Flattening Before IO Insertion
---------------------------------------------------------------------------------
---------------------------------------------------------------------------------
Start Final Netlist Cleanup
---------------------------------------------------------------------------------
---------------------------------------------------------------------------------
Finished Final Netlist Cleanup
---------------------------------------------------------------------------------
---------------------------------------------------------------------------------
Finished IO Insertion : Time (s): cpu = 00:00:31 ; elapsed = 00:00:38 . Memory (MB): peak = 2092.074 ; gain = 436.125 ; free physical = 6926 ; free virtual = 11366
---------------------------------------------------------------------------------
---------------------------------------------------------------------------------
Start Renaming Generated Instances
---------------------------------------------------------------------------------
---------------------------------------------------------------------------------
Finished Renaming Generated Instances : Time (s): cpu = 00:00:31 ; elapsed = 00:00:38 . Memory (MB): peak = 2092.074 ; gain = 436.125 ; free physical = 6926 ; free virtual = 11366
---------------------------------------------------------------------------------

Report RTL Partitions: 
+-+--------------+------------+----------+
| |RTL Partition |Replication |Instances |
+-+--------------+------------+----------+
+-+--------------+------------+----------+

Report Check Netlist: 
+------+------------------+-------+---------+-------+------------------+
|      |Item              |Errors |Warnings |Status |Description       |
+------+------------------+-------+---------+-------+------------------+
|1     |multi_driven_nets |      0|        0|Passed |Multi driven nets |
+------+------------------+-------+---------+-------+------------------+
---------------------------------------------------------------------------------
Start Rebuilding User Hierarchy
---------------------------------------------------------------------------------
---------------------------------------------------------------------------------
Finished Rebuilding User Hierarchy : Time (s): cpu = 00:00:32 ; elapsed = 00:00:38 . Memory (MB): peak = 2092.074 ; gain = 436.125 ; free physical = 6922 ; free virtual = 11372
---------------------------------------------------------------------------------
---------------------------------------------------------------------------------
Start Renaming Generated Ports
---------------------------------------------------------------------------------
---------------------------------------------------------------------------------
Finished Renaming Generated Ports : Time (s): cpu = 00:00:32 ; elapsed = 00:00:38 . Memory (MB): peak = 2092.074 ; gain = 436.125 ; free physical = 6922 ; free virtual = 11372
---------------------------------------------------------------------------------
---------------------------------------------------------------------------------
Start Handling Custom Attributes
---------------------------------------------------------------------------------
---------------------------------------------------------------------------------
Finished Handling Custom Attributes : Time (s): cpu = 00:00:32 ; elapsed = 00:00:38 . Memory (MB): peak = 2092.074 ; gain = 436.125 ; free physical = 6922 ; free virtual = 11372
---------------------------------------------------------------------------------
---------------------------------------------------------------------------------
Start Renaming Generated Nets
---------------------------------------------------------------------------------
---------------------------------------------------------------------------------
Finished Renaming Generated Nets : Time (s): cpu = 00:00:32 ; elapsed = 00:00:38 . Memory (MB): peak = 2092.074 ; gain = 436.125 ; free physical = 6922 ; free virtual = 11372
---------------------------------------------------------------------------------
---------------------------------------------------------------------------------
Start Writing Synthesis Report
---------------------------------------------------------------------------------

Report BlackBoxes: 
+-+--------------+----------+
| |BlackBox name |Instances |
+-+--------------+----------+
+-+--------------+----------+

Report Cell Usage: 
+------+-----------+------+
|      |Cell       |Count |
+------+-----------+------+
|1     |BUFG       |     1|
|2     |CARRY4     |    43|
|3     |LUT1       |    29|
|4     |LUT2       |    85|
|5     |LUT3       |   110|
|6     |LUT4       |    99|
|7     |LUT5       |    98|
|8     |LUT6       |   211|
|9     |MUXF7      |     3|
|10    |RAM32M     |     6|
|11    |RAMB36E1   |     1|
|12    |RAMB36E1_1 |     1|
|13    |RAMB36E1_2 |     1|
|14    |RAMB36E1_3 |     1|
|15    |FDRE       |   345|
|16    |FDSE       |     3|
|17    |LD         |     2|
|18    |IBUF       |     2|
|19    |OBUF       |     3|
+------+-----------+------+

Report Instance Areas: 
+------+---------------+----------------+------+
|      |Instance       |Module          |Cells |
+------+---------------+----------------+------+
|1     |top            |                |  1044|
|2     |  cpu0         |j1              |   486|
|3     |    ram0       |dp_ram          |   251|
|4     |  per_d        |peripheral_div  |   223|
|5     |    d_16       |div_16          |   174|
|6     |      ctl_dv   |control_div     |    41|
|7     |      ctr_dv   |counter_div     |    12|
|8     |      fr       |final_result    |    16|
|9     |      lsr_d    |lsr_div         |    83|
|10    |      sb       |subtractor      |    22|
|11    |  per_m        |peripheral_mult |   232|
|12    |    mt_32      |mult_32         |   182|
|13    |      acc0     |acc             |    48|
|14    |      control0 |control_mult    |    40|
|15    |      lsr0     |lsr             |    72|
|16    |      rsr0     |rsr             |    22|
|17    |  per_u        |peripheral_uart |    85|
|18    |    uart       |uart            |    75|
+------+---------------+----------------+------+
---------------------------------------------------------------------------------
Finished Writing Synthesis Report : Time (s): cpu = 00:00:32 ; elapsed = 00:00:38 . Memory (MB): peak = 2092.074 ; gain = 436.125 ; free physical = 6921 ; free virtual = 11371
---------------------------------------------------------------------------------
Synthesis finished with 0 errors, 2 critical warnings and 3 warnings.
Synthesis Optimization Runtime : Time (s): cpu = 00:00:29 ; elapsed = 00:00:35 . Memory (MB): peak = 2092.074 ; gain = 265.406 ; free physical = 6975 ; free virtual = 11425
Synthesis Optimization Complete : Time (s): cpu = 00:00:32 ; elapsed = 00:00:38 . Memory (MB): peak = 2092.074 ; gain = 436.125 ; free physical = 6975 ; free virtual = 11425
INFO: [Project 1-571] Translating synthesized netlist
Netlist sorting complete. Time (s): cpu = 00:00:00.01 ; elapsed = 00:00:00.01 . Memory (MB): peak = 2092.074 ; gain = 0.000 ; free physical = 7039 ; free virtual = 11489
INFO: [Netlist 29-17] Analyzing 58 Unisim elements for replacement
INFO: [Netlist 29-28] Unisim Transformation completed in 0 CPU seconds
INFO: [Project 1-570] Preparing netlist for logic optimization
Parsing XDC File [/home/angel/github_files/lab02-2023-1-gr05_2023-1/hdl/j1soc.xdc]
Finished Parsing XDC File [/home/angel/github_files/lab02-2023-1-gr05_2023-1/hdl/j1soc.xdc]
INFO: [Opt 31-138] Pushed 0 inverter(s) to 0 load pin(s).
Netlist sorting complete. Time (s): cpu = 00:00:00 ; elapsed = 00:00:00 . Memory (MB): peak = 2108.082 ; gain = 0.000 ; free physical = 6980 ; free virtual = 11430
INFO: [Project 1-111] Unisim Transformation Summary:
  A total of 8 instances were transformed.
  LD => LDCE: 2 instances
  RAM32M => RAM32M (RAMD32(x6), RAMS32(x2)): 6 instances

INFO: [Common 17-83] Releasing license: Synthesis
94 Infos, 16 Warnings, 2 Critical Warnings and 0 Errors encountered.
synth_design completed successfully
synth_design: Time (s): cpu = 00:00:41 ; elapsed = 00:00:49 . Memory (MB): peak = 2108.082 ; gain = 662.258 ; free physical = 7120 ; free virtual = 11570
# report_timing_summary -file $DESIGN-timing_synth.rpt
INFO: [Timing 38-35] Done setting XDC timing constraints.
INFO: [Timing 38-91] UpdateTimingParams: Speed grade: -1, Delay Type: min_max.
INFO: [Timing 38-191] Multithreading enabled for timing update using a maximum of 8 CPUs
# report_utilization -hierarchical -file $DESIGN-utilization_hierarchical_synth.rpt
# report_utilization -file $DESIGN-utilization_synth.rpt
# opt_design -directive default
Command: opt_design -directive default
INFO: [Vivado_Tcl 4-136] Directive used for opt_design is: default
Attempting to get a license for feature 'Implementation' and/or device 'xc7a100t'
INFO: [Common 17-349] Got license for feature 'Implementation' and/or device 'xc7a100t'
Running DRC as a precondition to command opt_design

Starting DRC Task
INFO: [DRC 23-27] Running DRC with 8 threads
INFO: [Project 1-461] DRC finished with 0 Errors
INFO: [Project 1-462] Please refer to the DRC report (report_drc) for more information.

Time (s): cpu = 00:00:02 ; elapsed = 00:00:02 . Memory (MB): peak = 2575.234 ; gain = 171.125 ; free physical = 6812 ; free virtual = 11251

Starting Cache Timing Information Task
Ending Cache Timing Information Task | Checksum: 16108d676

Time (s): cpu = 00:00:00 ; elapsed = 00:00:00 . Memory (MB): peak = 2575.234 ; gain = 0.000 ; free physical = 6812 ; free virtual = 11251

Starting Logic Optimization Task

Phase 1 Retarget
INFO: [Opt 31-138] Pushed 0 inverter(s) to 0 load pin(s).
INFO: [Opt 31-49] Retargeted 0 cell(s).
Phase 1 Retarget | Checksum: 1f45677c7

Time (s): cpu = 00:00:00.10 ; elapsed = 00:00:00.07 . Memory (MB): peak = 2575.234 ; gain = 0.000 ; free physical = 6680 ; free virtual = 11129
INFO: [Opt 31-389] Phase Retarget created 0 cells and removed 0 cells

Phase 2 Constant propagation
INFO: [Opt 31-138] Pushed 0 inverter(s) to 0 load pin(s).
Phase 2 Constant propagation | Checksum: 21ba8e79b

Time (s): cpu = 00:00:00.12 ; elapsed = 00:00:00.09 . Memory (MB): peak = 2575.234 ; gain = 0.000 ; free physical = 6679 ; free virtual = 11129
INFO: [Opt 31-389] Phase Constant propagation created 0 cells and removed 0 cells

Phase 3 Sweep
Phase 3 Sweep | Checksum: 1b40a0ebc

Time (s): cpu = 00:00:00.15 ; elapsed = 00:00:00.12 . Memory (MB): peak = 2575.234 ; gain = 0.000 ; free physical = 6681 ; free virtual = 11131
INFO: [Opt 31-389] Phase Sweep created 0 cells and removed 0 cells

Phase 4 BUFG optimization
INFO: [Opt 31-1112] Starts optimizing BUFG(s) with a common MMCM/DPLL/XPLL driver.
INFO: [Opt 31-1112] Starts optimizing BUFG(s) with a common driver.
INFO: [Opt 31-1092] Phase BUFG optimization transformed 0 BUFG(s) to MBUFG(s).
Phase 4 BUFG optimization | Checksum: 1b40a0ebc

Time (s): cpu = 00:00:00.18 ; elapsed = 00:00:00.15 . Memory (MB): peak = 2575.234 ; gain = 0.000 ; free physical = 6680 ; free virtual = 11130
INFO: [Opt 31-662] Phase BUFG optimization created 0 cells of which 0 are BUFGs and removed 0 cells.

Phase 5 Shift Register Optimization
INFO: [Opt 31-1064] SRL Remap converted 0 SRLs to 0 registers and converted 0 registers of register chains to 0 SRLs
Phase 5 Shift Register Optimization | Checksum: 1b40a0ebc

Time (s): cpu = 00:00:00.20 ; elapsed = 00:00:00.16 . Memory (MB): peak = 2575.234 ; gain = 0.000 ; free physical = 6682 ; free virtual = 11132
INFO: [Opt 31-389] Phase Shift Register Optimization created 0 cells and removed 0 cells

Phase 6 Post Processing Netlist
Phase 6 Post Processing Netlist | Checksum: 1b40a0ebc

Time (s): cpu = 00:00:00.21 ; elapsed = 00:00:00.17 . Memory (MB): peak = 2575.234 ; gain = 0.000 ; free physical = 6681 ; free virtual = 11131
INFO: [Opt 31-389] Phase Post Processing Netlist created 0 cells and removed 0 cells
Opt_design Change Summary
=========================


-------------------------------------------------------------------------------------------------------------------------
|  Phase                        |  #Cells created  |  #Cells Removed  |  #Constrained objects preventing optimizations  |
-------------------------------------------------------------------------------------------------------------------------
|  Retarget                     |               0  |               0  |                                              0  |
|  Constant propagation         |               0  |               0  |                                              0  |
|  Sweep                        |               0  |               0  |                                              0  |
|  BUFG optimization            |               0  |               0  |                                              0  |
|  Shift Register Optimization  |               0  |               0  |                                              0  |
|  Post Processing Netlist      |               0  |               0  |                                              0  |
-------------------------------------------------------------------------------------------------------------------------



Starting Connectivity Check Task

Time (s): cpu = 00:00:00.01 ; elapsed = 00:00:00.01 . Memory (MB): peak = 2575.234 ; gain = 0.000 ; free physical = 6679 ; free virtual = 11129
Ending Logic Optimization Task | Checksum: 13e6ea926

Time (s): cpu = 00:00:00.25 ; elapsed = 00:00:00.22 . Memory (MB): peak = 2575.234 ; gain = 0.000 ; free physical = 6679 ; free virtual = 11129

Starting Power Optimization Task
INFO: [Pwropt 34-132] Skipping clock gating for clocks with a period < 2.00 ns.
INFO: [Timing 38-35] Done setting XDC timing constraints.
INFO: [Pwropt 34-9] Applying IDT optimizations ...
INFO: [Pwropt 34-10] Applying ODC optimizations ...
INFO: [Physopt 32-619] Estimated Timing Summary | WNS=-0.992 | TNS=-46.169 |
Running Vector-less Activity Propagation...

Finished Running Vector-less Activity Propagation


Starting PowerOpt Patch Enables Task
INFO: [Pwropt 34-162] WRITE_MODE attribute of 0 BRAM(s) out of a total of 4 has been updated to save power. Run report_power_opt to get a complete listing of the BRAMs updated.
INFO: [Pwropt 34-201] Structural ODC has moved 0 WE to EN ports
Number of BRAM Ports augmented: 0 newly gated: 0 Total Ports: 8
Ending PowerOpt Patch Enables Task | Checksum: 13e6ea926

Time (s): cpu = 00:00:00.03 ; elapsed = 00:00:00.03 . Memory (MB): peak = 2874.016 ; gain = 0.000 ; free physical = 6671 ; free virtual = 11121
Ending Power Optimization Task | Checksum: 13e6ea926

Time (s): cpu = 00:00:01 ; elapsed = 00:00:00.79 . Memory (MB): peak = 2874.016 ; gain = 298.781 ; free physical = 6678 ; free virtual = 11128

Starting Final Cleanup Task
Ending Final Cleanup Task | Checksum: 13e6ea926

Time (s): cpu = 00:00:00 ; elapsed = 00:00:00 . Memory (MB): peak = 2874.016 ; gain = 0.000 ; free physical = 6678 ; free virtual = 11128

Starting Netlist Obfuscation Task
Netlist sorting complete. Time (s): cpu = 00:00:00 ; elapsed = 00:00:00.01 . Memory (MB): peak = 2874.016 ; gain = 0.000 ; free physical = 6678 ; free virtual = 11128
Ending Netlist Obfuscation Task | Checksum: 13e6ea926

Time (s): cpu = 00:00:00 ; elapsed = 00:00:00.01 . Memory (MB): peak = 2874.016 ; gain = 0.000 ; free physical = 6678 ; free virtual = 11128
INFO: [Common 17-83] Releasing license: Implementation
26 Infos, 0 Warnings, 0 Critical Warnings and 0 Errors encountered.
opt_design completed successfully
# place_design -directive default
Command: place_design -directive default
Attempting to get a license for feature 'Implementation' and/or device 'xc7a100t'
INFO: [Common 17-349] Got license for feature 'Implementation' and/or device 'xc7a100t'
INFO: [DRC 23-27] Running DRC with 8 threads
INFO: [Vivado_Tcl 4-198] DRC finished with 0 Errors
INFO: [Vivado_Tcl 4-199] Please refer to the DRC report (report_drc) for more information.
Running DRC as a precondition to command place_design
INFO: [DRC 23-27] Running DRC with 8 threads
CRITICAL WARNING: [DRC LUTLP-1] Combinatorial Loop Alert: 1 LUT cells form a combinatorial loop. This can create a race condition. Timing analysis may not be accurate. The preferred resolution is to modify the design to remove combinatorial logic loops. If the loop is known and understood, this DRC can be bypassed by acknowledging the condition and setting the following XDC constraint on any one of the nets in the loop: 'set_property ALLOW_COMBINATORIAL_LOOPS TRUE [get_nets <myHier/myNet>]'. One net in the loop is ledout2t_reg_i_11_n_0. Please evaluate your design. The cells in the loop are: ledout2t_reg_i_11.
INFO: [Vivado_Tcl 4-198] DRC finished with 0 Errors, 1 Critical Warnings
INFO: [Vivado_Tcl 4-199] Please refer to the DRC report (report_drc) for more information.

Starting Placer Task
INFO: [Place 46-5] The placer was invoked with the 'default' directive.
INFO: [Place 30-611] Multithreading enabled for place_design using a maximum of 8 CPUs

Phase 1 Placer Initialization

Phase 1.1 Placer Initialization Netlist Sorting
Netlist sorting complete. Time (s): cpu = 00:00:00 ; elapsed = 00:00:00 . Memory (MB): peak = 2874.016 ; gain = 0.000 ; free physical = 6655 ; free virtual = 11105
Phase 1.1 Placer Initialization Netlist Sorting | Checksum: 78719ffe

Time (s): cpu = 00:00:00.02 ; elapsed = 00:00:00.04 . Memory (MB): peak = 2874.016 ; gain = 0.000 ; free physical = 6655 ; free virtual = 11105
Netlist sorting complete. Time (s): cpu = 00:00:00 ; elapsed = 00:00:00 . Memory (MB): peak = 2874.016 ; gain = 0.000 ; free physical = 6655 ; free virtual = 11105

Phase 1.2 IO Placement/ Clock Placement/ Build Placer Device
INFO: [Timing 38-35] Done setting XDC timing constraints.
Phase 1.2 IO Placement/ Clock Placement/ Build Placer Device | Checksum: 17a245fb8

Time (s): cpu = 00:00:00.92 ; elapsed = 00:00:00.45 . Memory (MB): peak = 2874.016 ; gain = 0.000 ; free physical = 6651 ; free virtual = 11102

Phase 1.3 Build Placer Netlist Model
Phase 1.3 Build Placer Netlist Model | Checksum: 1a5f4490d

Time (s): cpu = 00:00:02 ; elapsed = 00:00:00.73 . Memory (MB): peak = 2874.016 ; gain = 0.000 ; free physical = 6651 ; free virtual = 11102

Phase 1.4 Constrain Clocks/Macros
Phase 1.4 Constrain Clocks/Macros | Checksum: 1a5f4490d

Time (s): cpu = 00:00:02 ; elapsed = 00:00:00.74 . Memory (MB): peak = 2874.016 ; gain = 0.000 ; free physical = 6652 ; free virtual = 11102
Phase 1 Placer Initialization | Checksum: 1a5f4490d

Time (s): cpu = 00:00:02 ; elapsed = 00:00:00.74 . Memory (MB): peak = 2874.016 ; gain = 0.000 ; free physical = 6653 ; free virtual = 11104

Phase 2 Global Placement

Phase 2.1 Floorplanning
Phase 2.1 Floorplanning | Checksum: 197f81bc9

Time (s): cpu = 00:00:02 ; elapsed = 00:00:00.85 . Memory (MB): peak = 2874.016 ; gain = 0.000 ; free physical = 6651 ; free virtual = 11101

Phase 2.2 Global Placement Core

Phase 2.2.1 Physical Synthesis In Placer
INFO: [Physopt 32-1018] Found 39 candidate LUT instances to create LUTNM shape
INFO: [Physopt 32-775] End 1 Pass. Optimized 10 nets or cells. Created 0 new cell, deleted 10 existing cells and moved 0 existing cell
INFO: [Physopt 32-65] No nets found for high-fanout optimization.
INFO: [Physopt 32-232] Optimized 0 net. Created 0 new instance.
INFO: [Physopt 32-775] End 1 Pass. Optimized 0 net or cell. Created 0 new cell, deleted 0 existing cell and moved 0 existing cell
INFO: [Physopt 32-117] Net cpu0/ram0/we_a0 could not be optimized because driver cpu0/ram0/ram_reg_0_i_15 could not be replicated
INFO: [Physopt 32-117] Net cpu0/ram0/ram_reg_0_i_1_n_0 could not be optimized because driver cpu0/ram0/ram_reg_0_i_1 could not be replicated
INFO: [Physopt 32-46] Identified 2 candidate nets for critical-cell optimization.
INFO: [Physopt 32-232] Optimized 0 net. Created 0 new instance.
INFO: [Physopt 32-775] End 1 Pass. Optimized 0 net or cell. Created 0 new cell, deleted 0 existing cell and moved 0 existing cell
INFO: [Physopt 32-456] No candidate cells for DSP register optimization found in the design.
INFO: [Physopt 32-775] End 2 Pass. Optimized 0 net or cell. Created 0 new cell, deleted 0 existing cell and moved 0 existing cell
INFO: [Physopt 32-775] End 1 Pass. Optimized 0 net or cell. Created 0 new cell, deleted 0 existing cell and moved 0 existing cell
INFO: [Physopt 32-677] No candidate cells for Shift Register optimization found in the design
INFO: [Physopt 32-775] End 1 Pass. Optimized 0 net or cell. Created 0 new cell, deleted 0 existing cell and moved 0 existing cell
INFO: [Physopt 32-526] No candidate cells for BRAM register optimization found in the design
INFO: [Physopt 32-775] End 1 Pass. Optimized 0 net or cell. Created 0 new cell, deleted 0 existing cell and moved 0 existing cell
INFO: [Physopt 32-949] No candidate nets found for HD net replication
INFO: [Physopt 32-775] End 1 Pass. Optimized 0 net or cell. Created 0 new cell, deleted 0 existing cell and moved 0 existing cell
Netlist sorting complete. Time (s): cpu = 00:00:00.01 ; elapsed = 00:00:00 . Memory (MB): peak = 2874.016 ; gain = 0.000 ; free physical = 6596 ; free virtual = 11070

Summary of Physical Synthesis Optimizations
============================================


-----------------------------------------------------------------------------------------------------------------------------------------------------------
|  Optimization                                     |  Added Cells  |  Removed Cells  |  Optimized Cells/Nets  |  Dont Touch  |  Iterations  |  Elapsed   |
-----------------------------------------------------------------------------------------------------------------------------------------------------------
|  LUT Combining                                    |            0  |             10  |                    10  |           0  |           1  |  00:00:00  |
|  Very High Fanout                                 |            0  |              0  |                     0  |           0  |           1  |  00:00:00  |
|  Critical Cell                                    |            0  |              0  |                     0  |           0  |           1  |  00:00:00  |
|  DSP Register                                     |            0  |              0  |                     0  |           0  |           1  |  00:00:00  |
|  Shift Register to Pipeline                       |            0  |              0  |                     0  |           0  |           1  |  00:00:00  |
|  Shift Register                                   |            0  |              0  |                     0  |           0  |           1  |  00:00:00  |
|  BRAM Register                                    |            0  |              0  |                     0  |           0  |           1  |  00:00:00  |
|  Dynamic/Static Region Interface Net Replication  |            0  |              0  |                     0  |           0  |           1  |  00:00:00  |
|  Total                                            |            0  |             10  |                    10  |           0  |           8  |  00:00:00  |
-----------------------------------------------------------------------------------------------------------------------------------------------------------


Phase 2.2.1 Physical Synthesis In Placer | Checksum: 226e2f2d1

Time (s): cpu = 00:00:10 ; elapsed = 00:00:03 . Memory (MB): peak = 2874.016 ; gain = 0.000 ; free physical = 6613 ; free virtual = 11078
Phase 2.2 Global Placement Core | Checksum: 1ca2b18d9

Time (s): cpu = 00:00:11 ; elapsed = 00:00:03 . Memory (MB): peak = 2874.016 ; gain = 0.000 ; free physical = 6614 ; free virtual = 11077
Phase 2 Global Placement | Checksum: 1ca2b18d9

Time (s): cpu = 00:00:11 ; elapsed = 00:00:03 . Memory (MB): peak = 2874.016 ; gain = 0.000 ; free physical = 6614 ; free virtual = 11077

Phase 3 Detail Placement

Phase 3.1 Commit Multi Column Macros
Phase 3.1 Commit Multi Column Macros | Checksum: 2399d080f

Time (s): cpu = 00:00:11 ; elapsed = 00:00:03 . Memory (MB): peak = 2874.016 ; gain = 0.000 ; free physical = 6612 ; free virtual = 11076

Phase 3.2 Commit Most Macros & LUTRAMs
Phase 3.2 Commit Most Macros & LUTRAMs | Checksum: eea0885e

Time (s): cpu = 00:00:12 ; elapsed = 00:00:03 . Memory (MB): peak = 2874.016 ; gain = 0.000 ; free physical = 6611 ; free virtual = 11074

Phase 3.3 Area Swap Optimization
Phase 3.3 Area Swap Optimization | Checksum: 14375a594

Time (s): cpu = 00:00:12 ; elapsed = 00:00:04 . Memory (MB): peak = 2874.016 ; gain = 0.000 ; free physical = 6611 ; free virtual = 11074

Phase 3.4 Pipeline Register Optimization
Phase 3.4 Pipeline Register Optimization | Checksum: ef26d605

Time (s): cpu = 00:00:12 ; elapsed = 00:00:04 . Memory (MB): peak = 2874.016 ; gain = 0.000 ; free physical = 6611 ; free virtual = 11074

Phase 3.5 Fast Optimization
Phase 3.5 Fast Optimization | Checksum: ce56967d

Time (s): cpu = 00:00:12 ; elapsed = 00:00:04 . Memory (MB): peak = 2874.016 ; gain = 0.000 ; free physical = 6614 ; free virtual = 11077

Phase 3.6 Small Shape Detail Placement
Phase 3.6 Small Shape Detail Placement | Checksum: 18c44556b

Time (s): cpu = 00:00:13 ; elapsed = 00:00:04 . Memory (MB): peak = 2874.016 ; gain = 0.000 ; free physical = 6610 ; free virtual = 11073

Phase 3.7 Re-assign LUT pins
Phase 3.7 Re-assign LUT pins | Checksum: 1ae1f8337

Time (s): cpu = 00:00:13 ; elapsed = 00:00:04 . Memory (MB): peak = 2874.016 ; gain = 0.000 ; free physical = 6609 ; free virtual = 11072

Phase 3.8 Pipeline Register Optimization
Phase 3.8 Pipeline Register Optimization | Checksum: 266afc8b6

Time (s): cpu = 00:00:13 ; elapsed = 00:00:04 . Memory (MB): peak = 2874.016 ; gain = 0.000 ; free physical = 6606 ; free virtual = 11069

Phase 3.9 Fast Optimization
Phase 3.9 Fast Optimization | Checksum: 125a97367

Time (s): cpu = 00:00:14 ; elapsed = 00:00:05 . Memory (MB): peak = 2874.016 ; gain = 0.000 ; free physical = 6595 ; free virtual = 11061
Phase 3 Detail Placement | Checksum: 125a97367

Time (s): cpu = 00:00:14 ; elapsed = 00:00:05 . Memory (MB): peak = 2874.016 ; gain = 0.000 ; free physical = 6594 ; free virtual = 11060

Phase 4 Post Placement Optimization and Clean-Up

Phase 4.1 Post Commit Optimization
INFO: [Timing 38-35] Done setting XDC timing constraints.

Phase 4.1.1 Post Placement Optimization
Post Placement Optimization Initialization | Checksum: 1ac3a967c

Phase 4.1.1.1 BUFG Insertion
INFO: [Place 46-56] BUFG insertion identified 0 candidate nets. Inserted BUFG: 0, Replicated BUFG Driver: 0, Skipped due to Placement/Routing Conflicts: 0, Skipped due to Timing Degradation: 0, Skipped due to Illegal Netlist: 0.
Phase 4.1.1.1 BUFG Insertion | Checksum: 1ac3a967c

Time (s): cpu = 00:00:15 ; elapsed = 00:00:05 . Memory (MB): peak = 2874.016 ; gain = 0.000 ; free physical = 6590 ; free virtual = 11056
INFO: [Place 30-746] Post Placement Timing Summary WNS=-0.724. For the most accurate timing information please run report_timing.
Phase 4.1.1 Post Placement Optimization | Checksum: 2095a172d

Time (s): cpu = 00:00:32 ; elapsed = 00:00:21 . Memory (MB): peak = 2874.016 ; gain = 0.000 ; free physical = 6580 ; free virtual = 11030
Phase 4.1 Post Commit Optimization | Checksum: 2095a172d

Time (s): cpu = 00:00:32 ; elapsed = 00:00:21 . Memory (MB): peak = 2874.016 ; gain = 0.000 ; free physical = 6578 ; free virtual = 11031

Phase 4.2 Post Placement Cleanup
Phase 4.2 Post Placement Cleanup | Checksum: 2095a172d

Time (s): cpu = 00:00:32 ; elapsed = 00:00:21 . Memory (MB): peak = 2874.016 ; gain = 0.000 ; free physical = 6569 ; free virtual = 11033

Phase 4.3 Placer Reporting
Phase 4.3 Placer Reporting | Checksum: 2095a172d

Time (s): cpu = 00:00:32 ; elapsed = 00:00:21 . Memory (MB): peak = 2874.016 ; gain = 0.000 ; free physical = 6568 ; free virtual = 11032

Phase 4.4 Final Placement Cleanup
Netlist sorting complete. Time (s): cpu = 00:00:00 ; elapsed = 00:00:00 . Memory (MB): peak = 2874.016 ; gain = 0.000 ; free physical = 6568 ; free virtual = 11032
Phase 4.4 Final Placement Cleanup | Checksum: 198a66443

Time (s): cpu = 00:00:32 ; elapsed = 00:00:21 . Memory (MB): peak = 2874.016 ; gain = 0.000 ; free physical = 6569 ; free virtual = 11033
Phase 4 Post Placement Optimization and Clean-Up | Checksum: 198a66443

Time (s): cpu = 00:00:32 ; elapsed = 00:00:21 . Memory (MB): peak = 2874.016 ; gain = 0.000 ; free physical = 6569 ; free virtual = 11033
Ending Placer Task | Checksum: b64b957e

Time (s): cpu = 00:00:32 ; elapsed = 00:00:21 . Memory (MB): peak = 2874.016 ; gain = 0.000 ; free physical = 6568 ; free virtual = 11032
INFO: [Common 17-83] Releasing license: Implementation
33 Infos, 0 Warnings, 1 Critical Warnings and 0 Errors encountered.
place_design completed successfully
place_design: Time (s): cpu = 00:00:34 ; elapsed = 00:00:23 . Memory (MB): peak = 2874.016 ; gain = 0.000 ; free physical = 6582 ; free virtual = 11047
# report_utilization -hierarchical -file $DESIGN-utilization_hierarchical_place.rpt
# report_utilization -file $DESIGN-utilization_place.rpt
# report_io -file $DESIGN-io.rpt
report_io: Time (s): cpu = 00:00:00.10 ; elapsed = 00:00:00.14 . Memory (MB): peak = 2874.016 ; gain = 0.000 ; free physical = 6556 ; free virtual = 11021
# report_control_sets -verbose -file $DESIGN-control_sets.rpt
report_control_sets: Time (s): cpu = 00:00:00.05 ; elapsed = 00:00:00.11 . Memory (MB): peak = 2874.016 ; gain = 0.000 ; free physical = 6559 ; free virtual = 11024
# report_clock_utilization -file $DESIGN-clock_utilization.rpt
# route_design -directive default
Command: route_design -directive default
Attempting to get a license for feature 'Implementation' and/or device 'xc7a100t'
INFO: [Common 17-349] Got license for feature 'Implementation' and/or device 'xc7a100t'
Running DRC as a precondition to command route_design
INFO: [DRC 23-27] Running DRC with 8 threads
CRITICAL WARNING: [DRC LUTLP-1] Combinatorial Loop Alert: 1 LUT cells form a combinatorial loop. This can create a race condition. Timing analysis may not be accurate. The preferred resolution is to modify the design to remove combinatorial logic loops. If the loop is known and understood, this DRC can be bypassed by acknowledging the condition and setting the following XDC constraint on any one of the nets in the loop: 'set_property ALLOW_COMBINATORIAL_LOOPS TRUE [get_nets <myHier/myNet>]'. One net in the loop is ledout2t_reg_i_11_n_0. Please evaluate your design. The cells in the loop are: ledout2t_reg_i_11.
INFO: [Vivado_Tcl 4-198] DRC finished with 0 Errors, 1 Critical Warnings
INFO: [Vivado_Tcl 4-199] Please refer to the DRC report (report_drc) for more information.


Starting Routing Task
INFO: [Route 35-270] Using Router directive 'default'.
INFO: [Route 35-254] Multithreading enabled for route_design using a maximum of 8 CPUs
Checksum: PlaceDB: 2989bf15 ConstDB: 0 ShapeSum: 8cc1d669 RouteDB: 0

Phase 1 Build RT Design
Phase 1 Build RT Design | Checksum: 98c0a21d

Time (s): cpu = 00:00:25 ; elapsed = 00:00:20 . Memory (MB): peak = 2874.016 ; gain = 0.000 ; free physical = 6482 ; free virtual = 10941
Post Restoration Checksum: NetGraph: 75f28c4 NumContArr: 91617959 Constraints: 0 Timing: 0

Phase 2 Router Initialization

Phase 2.1 Create Timer
Phase 2.1 Create Timer | Checksum: 98c0a21d

Time (s): cpu = 00:00:25 ; elapsed = 00:00:20 . Memory (MB): peak = 2874.016 ; gain = 0.000 ; free physical = 6457 ; free virtual = 10927

Phase 2.2 Fix Topology Constraints
Phase 2.2 Fix Topology Constraints | Checksum: 98c0a21d

Time (s): cpu = 00:00:25 ; elapsed = 00:00:20 . Memory (MB): peak = 2874.016 ; gain = 0.000 ; free physical = 6421 ; free virtual = 10891

Phase 2.3 Pre Route Cleanup
Phase 2.3 Pre Route Cleanup | Checksum: 98c0a21d

Time (s): cpu = 00:00:25 ; elapsed = 00:00:20 . Memory (MB): peak = 2874.016 ; gain = 0.000 ; free physical = 6421 ; free virtual = 10891
 Number of Nodes with overlaps = 0

Phase 2.4 Update Timing
Phase 2.4 Update Timing | Checksum: 1618c11b8

Time (s): cpu = 00:00:26 ; elapsed = 00:00:21 . Memory (MB): peak = 2874.016 ; gain = 0.000 ; free physical = 6407 ; free virtual = 10877
INFO: [Route 35-416] Intermediate Timing Summary | WNS=-0.567 | TNS=-23.867| WHS=-0.151 | THS=-6.442 |

Phase 2 Router Initialization | Checksum: 23f95aa8d

Time (s): cpu = 00:00:26 ; elapsed = 00:00:21 . Memory (MB): peak = 2874.016 ; gain = 0.000 ; free physical = 6407 ; free virtual = 10877

Router Utilization Summary
  Global Vertical Routing Utilization    = 0.00108804 %
  Global Horizontal Routing Utilization  = 0.000426257 %
  Routable Net Status*
  *Does not include unroutable nets such as driverless and loadless.
  Run report_route_status for detailed report.
  Number of Failed Nets               = 810
    (Failed Nets is the sum of unrouted and partially routed nets)
  Number of Unrouted Nets             = 805
  Number of Partially Routed Nets     = 5
  Number of Node Overlaps             = 30


Phase 3 Initial Routing
Phase 3 Initial Routing | Checksum: 21351f8fc

Time (s): cpu = 00:00:27 ; elapsed = 00:00:21 . Memory (MB): peak = 2874.016 ; gain = 0.000 ; free physical = 6406 ; free virtual = 10875

Phase 4 Rip-up And Reroute

Phase 4.1 Global Iteration 0
 Number of Nodes with overlaps = 205
 Number of Nodes with overlaps = 35
 Number of Nodes with overlaps = 8
 Number of Nodes with overlaps = 4
 Number of Nodes with overlaps = 0
INFO: [Route 35-416] Intermediate Timing Summary | WNS=-1.081 | TNS=-47.112| WHS=N/A    | THS=N/A    |

Phase 4.1 Global Iteration 0 | Checksum: 1c7755938

Time (s): cpu = 00:00:31 ; elapsed = 00:00:23 . Memory (MB): peak = 2874.016 ; gain = 0.000 ; free physical = 6358 ; free virtual = 10842

Phase 4.2 Global Iteration 1
 Number of Nodes with overlaps = 7
 Number of Nodes with overlaps = 5
 Number of Nodes with overlaps = 5
 Number of Nodes with overlaps = 2
 Number of Nodes with overlaps = 1
 Number of Nodes with overlaps = 2
 Number of Nodes with overlaps = 0
INFO: [Route 35-416] Intermediate Timing Summary | WNS=-0.758 | TNS=-31.370| WHS=N/A    | THS=N/A    |

Phase 4.2 Global Iteration 1 | Checksum: 21150f432

Time (s): cpu = 00:00:32 ; elapsed = 00:00:24 . Memory (MB): peak = 2874.016 ; gain = 0.000 ; free physical = 6374 ; free virtual = 10857

Phase 4.3 Global Iteration 2
 Number of Nodes with overlaps = 9
 Number of Nodes with overlaps = 2
 Number of Nodes with overlaps = 1
 Number of Nodes with overlaps = 1
 Number of Nodes with overlaps = 1
 Number of Nodes with overlaps = 1
 Number of Nodes with overlaps = 0
INFO: [Route 35-416] Intermediate Timing Summary | WNS=-1.083 | TNS=-43.928| WHS=N/A    | THS=N/A    |

Phase 4.3 Global Iteration 2 | Checksum: 1fa455070

Time (s): cpu = 00:00:32 ; elapsed = 00:00:25 . Memory (MB): peak = 2874.016 ; gain = 0.000 ; free physical = 6338 ; free virtual = 10842
Phase 4 Rip-up And Reroute | Checksum: 1fa455070

Time (s): cpu = 00:00:32 ; elapsed = 00:00:25 . Memory (MB): peak = 2874.016 ; gain = 0.000 ; free physical = 6337 ; free virtual = 10841

Phase 5 Delay and Skew Optimization

Phase 5.1 Delay CleanUp

Phase 5.1.1 Update Timing
Phase 5.1.1 Update Timing | Checksum: 1e3f36f0f

Time (s): cpu = 00:00:32 ; elapsed = 00:00:25 . Memory (MB): peak = 2874.016 ; gain = 0.000 ; free physical = 6337 ; free virtual = 10841
INFO: [Route 35-416] Intermediate Timing Summary | WNS=-0.671 | TNS=-24.004| WHS=N/A    | THS=N/A    |

 Number of Nodes with overlaps = 0
Phase 5.1 Delay CleanUp | Checksum: 1d63caa7a

Time (s): cpu = 00:00:33 ; elapsed = 00:00:25 . Memory (MB): peak = 2874.016 ; gain = 0.000 ; free physical = 6358 ; free virtual = 10844

Phase 5.2 Clock Skew Optimization
Phase 5.2 Clock Skew Optimization | Checksum: 1d63caa7a

Time (s): cpu = 00:00:33 ; elapsed = 00:00:25 . Memory (MB): peak = 2874.016 ; gain = 0.000 ; free physical = 6358 ; free virtual = 10844
Phase 5 Delay and Skew Optimization | Checksum: 1d63caa7a

Time (s): cpu = 00:00:33 ; elapsed = 00:00:25 . Memory (MB): peak = 2874.016 ; gain = 0.000 ; free physical = 6358 ; free virtual = 10844

Phase 6 Post Hold Fix

Phase 6.1 Hold Fix Iter

Phase 6.1.1 Update Timing
Phase 6.1.1 Update Timing | Checksum: 25d69800e

Time (s): cpu = 00:00:33 ; elapsed = 00:00:25 . Memory (MB): peak = 2874.016 ; gain = 0.000 ; free physical = 6357 ; free virtual = 10843
INFO: [Route 35-416] Intermediate Timing Summary | WNS=-0.666 | TNS=-23.599| WHS=0.129  | THS=0.000  |

Phase 6.1 Hold Fix Iter | Checksum: 25d69800e

Time (s): cpu = 00:00:33 ; elapsed = 00:00:25 . Memory (MB): peak = 2874.016 ; gain = 0.000 ; free physical = 6357 ; free virtual = 10843
Phase 6 Post Hold Fix | Checksum: 25d69800e

Time (s): cpu = 00:00:33 ; elapsed = 00:00:25 . Memory (MB): peak = 2874.016 ; gain = 0.000 ; free physical = 6357 ; free virtual = 10843

Phase 7 Route finalize

Router Utilization Summary
  Global Vertical Routing Utilization    = 0.177221 %
  Global Horizontal Routing Utilization  = 0.214763 %
  Routable Net Status*
  *Does not include unroutable nets such as driverless and loadless.
  Run report_route_status for detailed report.
  Number of Failed Nets               = 0
    (Failed Nets is the sum of unrouted and partially routed nets)
  Number of Unrouted Nets             = 0
  Number of Partially Routed Nets     = 0
  Number of Node Overlaps             = 0

Congestion Report
North Dir 1x1 Area, Max Cong = 40.5405%, No Congested Regions.
South Dir 1x1 Area, Max Cong = 48.6486%, No Congested Regions.
East Dir 1x1 Area, Max Cong = 42.6471%, No Congested Regions.
West Dir 1x1 Area, Max Cong = 42.6471%, No Congested Regions.

------------------------------
Reporting congestion hotspots
------------------------------
Direction: North
----------------
Congested clusters found at Level 0
Effective congestion level: 0 Aspect Ratio: 1 Sparse Ratio: 0
Direction: South
----------------
Congested clusters found at Level 0
Effective congestion level: 0 Aspect Ratio: 1 Sparse Ratio: 0
Direction: East
----------------
Congested clusters found at Level 0
Effective congestion level: 0 Aspect Ratio: 1 Sparse Ratio: 0
Direction: West
----------------
Congested clusters found at Level 0
Effective congestion level: 0 Aspect Ratio: 1 Sparse Ratio: 0

Phase 7 Route finalize | Checksum: 1c68f74a8

Time (s): cpu = 00:00:33 ; elapsed = 00:00:25 . Memory (MB): peak = 2874.016 ; gain = 0.000 ; free physical = 6355 ; free virtual = 10841

Phase 8 Verifying routed nets

 Verification completed successfully
Phase 8 Verifying routed nets | Checksum: 1c68f74a8

Time (s): cpu = 00:00:33 ; elapsed = 00:00:25 . Memory (MB): peak = 2874.016 ; gain = 0.000 ; free physical = 6354 ; free virtual = 10840

Phase 9 Depositing Routes
Phase 9 Depositing Routes | Checksum: 15179ba5d

Time (s): cpu = 00:00:33 ; elapsed = 00:00:25 . Memory (MB): peak = 2874.016 ; gain = 0.000 ; free physical = 6353 ; free virtual = 10840

Phase 10 Post Router Timing
INFO: [Route 35-57] Estimated Timing Summary | WNS=-0.666 | TNS=-23.599| WHS=0.129  | THS=0.000  |

WARNING: [Route 35-328] Router estimated timing not met.
Resolution: For a complete and accurate timing signoff, report_timing_summary must be run after route_design. Alternatively, route_design can be run with the -timing_summary option to enable a complete timing signoff at the end of route_design.
Phase 10 Post Router Timing | Checksum: 15179ba5d

Time (s): cpu = 00:00:33 ; elapsed = 00:00:25 . Memory (MB): peak = 2874.016 ; gain = 0.000 ; free physical = 6353 ; free virtual = 10840
INFO: [Route 35-16] Router Completed Successfully

Time (s): cpu = 00:00:33 ; elapsed = 00:00:25 . Memory (MB): peak = 2874.016 ; gain = 0.000 ; free physical = 6390 ; free virtual = 10877

Routing Is Done.
INFO: [Common 17-83] Releasing license: Implementation
15 Infos, 1 Warnings, 1 Critical Warnings and 0 Errors encountered.
route_design completed successfully
route_design: Time (s): cpu = 00:00:35 ; elapsed = 00:00:27 . Memory (MB): peak = 2874.016 ; gain = 0.000 ; free physical = 6390 ; free virtual = 10877
# phys_opt_design -directive default
Command: phys_opt_design -directive default
Attempting to get a license for feature 'Implementation' and/or device 'xc7a100t'
INFO: [Common 17-349] Got license for feature 'Implementation' and/or device 'xc7a100t'
INFO: [Vivado_Tcl 4-241] Physical synthesis in post route mode ( 100.0% nets are fully routed)
INFO: [Vivado_Tcl 4-137] Directive used for phys_opt_design is: default
Netlist sorting complete. Time (s): cpu = 00:00:00 ; elapsed = 00:00:00 . Memory (MB): peak = 2874.016 ; gain = 0.000 ; free physical = 6390 ; free virtual = 10876

Starting Physical Synthesis Task

Phase 1 Physical Synthesis Initialization
INFO: [Physopt 32-721] Multithreading enabled for phys_opt_design using a maximum of 8 CPUs
INFO: [Physopt 32-668] Current Timing Summary | WNS=-0.666 | TNS=-23.538 | WHS=0.133 | THS=0.000 |
Phase 1 Physical Synthesis Initialization | Checksum: 27272540b

Time (s): cpu = 00:00:01 ; elapsed = 00:00:00.73 . Memory (MB): peak = 2874.016 ; gain = 0.000 ; free physical = 6386 ; free virtual = 10872
WARNING: [Physopt 32-745] Physical Optimization has determined that the magnitude of the negative slack is too large and it is highly unlikely that slack will be improved. Post-Route Physical Optimization is most effective when WNS is above -0.5ns

Phase 2 Critical Path Optimization
INFO: [Physopt 32-668] Current Timing Summary | WNS=-0.666 | TNS=-23.538 | WHS=0.133 | THS=0.000 |
INFO: [Physopt 32-953] Path group WNS did not improve. Path group: sys_clk_pin. Processed net: per_d/d_out_reg[10]_0.
INFO: [Physopt 32-703] Processed net cpu0/ram0/dat_b[14]. Clock skew was adjusted for instance cpu0/ram0/ram_reg_3.
INFO: [Physopt 32-952] Improved path group WNS = -0.529. Path group: sys_clk_pin. Processed net: cpu0/ram0/dat_b[14].
INFO: [Physopt 32-703] Processed net per_d/d_out_reg[11]_0. Clock skew was adjusted for instance per_d/d_out_reg[11].
INFO: [Physopt 32-952] Improved path group WNS = -0.529. Path group: sys_clk_pin. Processed net: per_d/d_out_reg[11]_0.
INFO: [Physopt 32-953] Path group WNS did not improve. Path group: sys_clk_pin. Processed net: per_d/d_out_reg[11]_0.
INFO: [Physopt 32-953] Path group WNS did not improve. Path group: sys_clk_pin. Processed net: cpu0/ram0/dat_b[14].
INFO: [Physopt 32-710] Processed net cpu0/ram0/st0_reg[2]_3. Critical path length was reduced through logic transformation on cell cpu0/ram0/d_out[15]_i_1_comp.
INFO: [Physopt 32-952] Improved path group WNS = -0.292. Path group: sys_clk_pin. Processed net: cpu0/ram0/ram_reg_2_0.
INFO: [Physopt 32-953] Path group WNS did not improve. Path group: sys_clk_pin. Processed net: per_m/d_out[10].
INFO: [Physopt 32-710] Processed net per_m/d_out[15]_i_1_n_0. Critical path length was reduced through logic transformation on cell per_m/d_out[15]_i_1_comp.
INFO: [Physopt 32-952] Improved path group WNS = -0.271. Path group: sys_clk_pin. Processed net: cpu0/ram0/ram_reg_2_0.
INFO: [Physopt 32-703] Processed net cpu0/ram0/dat_b[8]. Clock skew was adjusted for instance cpu0/ram0/ram_reg_2.
INFO: [Physopt 32-952] Improved path group WNS = -0.168. Path group: sys_clk_pin. Processed net: cpu0/ram0/dat_b[8].
INFO: [Physopt 32-710] Processed net cpu0/ram0/st0_reg[3]. Critical path length was reduced through logic transformation on cell cpu0/ram0/d_out[15]_i_2_comp.
INFO: [Physopt 32-952] Improved path group WNS = -0.151. Path group: sys_clk_pin. Processed net: cpu0/ram0/ram_reg_2_0.
INFO: [Physopt 32-953] Path group WNS did not improve. Path group: sys_clk_pin. Processed net: per_m/d_out[0].
INFO: [Physopt 32-663] Processed net cpu0/ram0/d_out[0]_i_3_n_0.  Re-placed instance cpu0/ram0/d_out[0]_i_3
INFO: [Physopt 32-952] Improved path group WNS = -0.147. Path group: sys_clk_pin. Processed net: cpu0/ram0/d_out[0]_i_3_n_0.
INFO: [Physopt 32-710] Processed net cpu0/ram0/st0_reg[2][0]. Critical path length was reduced through logic transformation on cell cpu0/ram0/d_out[0]_i_1__0_comp.
INFO: [Physopt 32-952] Improved path group WNS = -0.131. Path group: sys_clk_pin. Processed net: cpu0/ram0/d_out[0]_i_2_n_0.
INFO: [Physopt 32-710] Processed net cpu0/ram0/st0_reg[2][0]. Critical path length was reduced through logic transformation on cell cpu0/ram0/d_out[0]_i_1__0_comp_1.
INFO: [Physopt 32-952] Improved path group WNS = -0.120. Path group: sys_clk_pin. Processed net: cpu0/ram0/d_out[0]_i_3_n_0.
INFO: [Physopt 32-710] Processed net cpu0/ram0/st0_reg[2][0]. Critical path length was reduced through logic transformation on cell cpu0/ram0/d_out[0]_i_1__0_comp.
INFO: [Physopt 32-952] Improved path group WNS = -0.047. Path group: sys_clk_pin. Processed net: cpu0/ram0/ram_reg_2_0.
INFO: [Physopt 32-953] Path group WNS did not improve. Path group: sys_clk_pin. Processed net: cpu0/ram0/dat_b[8].
INFO: [Physopt 32-953] Path group WNS did not improve. Path group: sys_clk_pin. Processed net: cpu0/ram0/st0_reg[2]_3.
INFO: [Physopt 32-953] Path group WNS did not improve. Path group: sys_clk_pin. Processed net: sys_clk_i_IBUF.
INFO: [Physopt 32-953] Path group WNS did not improve. Path group: sys_clk_pin. Processed net: sys_clk_i.
INFO: [Physopt 32-953] Path group WNS did not improve. Path group: sys_clk_pin. Processed net: per_d/d_out_reg[11]_0.
INFO: [Physopt 32-953] Path group WNS did not improve. Path group: sys_clk_pin. Processed net: cpu0/ram0/dat_b[8].
INFO: [Physopt 32-952] Improved path group WNS = -0.020. Path group: sys_clk_pin. Processed net: cpu0/ram0/st0_reg[2]_3.
INFO: [Physopt 32-953] Path group WNS did not improve. Path group: sys_clk_pin. Processed net: per_m/d_out[0].
INFO: [Physopt 32-953] Path group WNS did not improve. Path group: sys_clk_pin. Processed net: cpu0/ram0/dat_b[14].
INFO: [Physopt 32-953] Path group WNS did not improve. Path group: sys_clk_pin. Processed net: cpu0/ram0/d_out[0]_i_4_n_0.
INFO: [Physopt 32-953] Path group WNS did not improve. Path group: sys_clk_pin. Processed net: cpu0/ram0/ram_reg_2_0.
INFO: [Physopt 32-953] Path group WNS did not improve. Path group: sys_clk_pin. Processed net: cpu0/ram0/ram_reg_3_0.
INFO: [Physopt 32-953] Path group WNS did not improve. Path group: sys_clk_pin. Processed net: cpu0/ram0/st0_reg[2][0].
INFO: [Physopt 32-953] Path group WNS did not improve. Path group: sys_clk_pin. Processed net: sys_clk_i_IBUF.
INFO: [Physopt 32-953] Path group WNS did not improve. Path group: sys_clk_pin. Processed net: sys_clk_i.
INFO: [Physopt 32-668] Current Timing Summary | WNS=-0.020 | TNS=-0.020 | WHS=0.133 | THS=0.000 |
Phase 2 Critical Path Optimization | Checksum: 27272540b

Time (s): cpu = 00:00:11 ; elapsed = 00:00:07 . Memory (MB): peak = 2874.016 ; gain = 0.000 ; free physical = 6414 ; free virtual = 10877
Netlist sorting complete. Time (s): cpu = 00:00:00.01 ; elapsed = 00:00:00 . Memory (MB): peak = 2874.016 ; gain = 0.000 ; free physical = 6415 ; free virtual = 10878
INFO: [Physopt 32-669] Post Physical Optimization Timing Summary | WNS=-0.020 | TNS=-0.020 | WHS=0.133 | THS=0.000 |

Summary of Physical Synthesis Optimizations
============================================


-------------------------------------------------------------------------------------------------------------------------------------------------------------
|  Optimization   |  WNS Gain (ns)  |  TNS Gain (ns)  |  Added Cells  |  Removed Cells  |  Optimized Cells/Nets  |  Dont Touch  |  Iterations  |  Elapsed   |
-------------------------------------------------------------------------------------------------------------------------------------------------------------
|  Critical Path  |          0.646  |         23.518  |            0  |              0  |                    11  |           0  |           1  |  00:00:06  |
-------------------------------------------------------------------------------------------------------------------------------------------------------------


Netlist sorting complete. Time (s): cpu = 00:00:00 ; elapsed = 00:00:00 . Memory (MB): peak = 2874.016 ; gain = 0.000 ; free physical = 6415 ; free virtual = 10878
Ending Physical Synthesis Task | Checksum: 27272540b

Time (s): cpu = 00:00:11 ; elapsed = 00:00:07 . Memory (MB): peak = 2874.016 ; gain = 0.000 ; free physical = 6415 ; free virtual = 10878
INFO: [Common 17-83] Releasing license: Implementation
49 Infos, 1 Warnings, 0 Critical Warnings and 0 Errors encountered.
phys_opt_design completed successfully
phys_opt_design: Time (s): cpu = 00:00:12 ; elapsed = 00:00:07 . Memory (MB): peak = 2874.016 ; gain = 0.000 ; free physical = 6507 ; free virtual = 10969
# write_checkpoint -force $DESIGN-route.dcp
Netlist sorting complete. Time (s): cpu = 00:00:00 ; elapsed = 00:00:00 . Memory (MB): peak = 2874.016 ; gain = 0.000 ; free physical = 6507 ; free virtual = 10969
INFO: [Timing 38-480] Writing timing data to binary archive.
Writing placer database...
Writing XDEF routing.
Writing XDEF routing logical nets.
Writing XDEF routing special nets.
Write XDEF Complete: Time (s): cpu = 00:00:00.34 ; elapsed = 00:00:00.10 . Memory (MB): peak = 2874.016 ; gain = 0.000 ; free physical = 6504 ; free virtual = 10968
INFO: [Common 17-1381] The checkpoint '/home/angel/github_files/lab02-2023-1-gr05_2023-1/hdl/build_vivado/j1soc-route.dcp' has been generated.
# report_timing_summary -no_header -no_detailed_paths
INFO: [Timing 38-91] UpdateTimingParams: Speed grade: -1, Delay Type: min_max.
INFO: [Timing 38-191] Multithreading enabled for timing update using a maximum of 8 CPUs
------------------------------------------------------------------------------------------------
| Timer Settings
| --------------
------------------------------------------------------------------------------------------------

  Enable Multi Corner Analysis               :  Yes
  Enable Pessimism Removal                   :  Yes
  Pessimism Removal Resolution               :  Nearest Common Node
  Enable Input Delay Default Clock           :  No
  Enable Preset / Clear Arcs                 :  No
  Disable Flight Delays                      :  No
  Ignore I/O Paths                           :  No
  Timing Early Launch at Borrowing Latches   :  No
  Borrow Time for Max Delay Exceptions       :  Yes
  Merge Timing Exceptions                    :  Yes

  Corner  Analyze    Analyze    
  Name    Max Paths  Min Paths  
  ------  ---------  ---------  
  Slow    Yes        Yes        
  Fast    Yes        Yes        



check_timing report

Table of Contents
-----------------
1. checking no_clock
2. checking constant_clock
3. checking pulse_width_clock
4. checking unconstrained_internal_endpoints
5. checking no_input_delay
6. checking no_output_delay
7. checking multiple_clock
8. checking generated_clocks
9. checking loops
10. checking partial_input_delay
11. checking partial_output_delay
12. checking latch_loops

1. checking no_clock
--------------------
 There is 1 register/latch pin with no clock driven by root clock pin: ledout2t_reg_i_11/O (HIGH)

 There is 1 register/latch pin with no clock driven by root clock pin: per_d/d_16/ctl_dv/FSM_onehot_state_reg[0]/Q (HIGH)

 There is 1 register/latch pin with no clock driven by root clock pin: per_d/d_16/ctl_dv/FSM_onehot_state_reg[2]/Q (HIGH)

 There is 1 register/latch pin with no clock driven by root clock pin: per_d/d_16/ctl_dv/FSM_onehot_state_reg[3]/Q (HIGH)

 There is 1 register/latch pin with no clock driven by root clock pin: per_d/d_16/ctl_dv/FSM_onehot_state_reg[4]/Q (HIGH)

 There is 1 register/latch pin with no clock driven by root clock pin: per_d/d_16/ctl_dv/FSM_onehot_state_reg[5]/Q (HIGH)


2. checking constant_clock
--------------------------
 There are 0 register/latch pins with constant_clock.


3. checking pulse_width_clock
-----------------------------
 There are 0 register/latch pins which need pulse_width check


4. checking unconstrained_internal_endpoints
--------------------------------------------
 There are 2 pins that are not constrained for maximum delay. (HIGH)

 There are 0 pins that are not constrained for maximum delay due to constant clock.


5. checking no_input_delay
--------------------------
 There is 1 input port with no input delay specified. (HIGH)

 There are 0 input ports with no input delay but user has a false path constraint.


6. checking no_output_delay
---------------------------
 There are 3 ports with no output delay specified. (HIGH)

 There are 0 ports with no output delay but user has a false path constraint

 There are 0 ports with no output delay but with a timing clock defined on it or propagating through it


7. checking multiple_clock
--------------------------
 There are 0 register/latch pins with multiple clocks.


8. checking generated_clocks
----------------------------
 There are 0 generated clocks that are not connected to a clock source.


9. checking loops
-----------------
 There are 21 combinational loops in the design. (HIGH)


10. checking partial_input_delay
--------------------------------
 There are 0 input ports with partial input delay specified.


11. checking partial_output_delay
---------------------------------
 There are 0 ports with partial output delay specified.


12. checking latch_loops
------------------------
 There is 1 combinational latch loop in the design through latch input (HIGH)



------------------------------------------------------------------------------------------------
| Design Timing Summary
| ---------------------
------------------------------------------------------------------------------------------------

    WNS(ns)      TNS(ns)  TNS Failing Endpoints  TNS Total Endpoints      WHS(ns)      THS(ns)  THS Failing Endpoints  THS Total Endpoints     WPWS(ns)     TPWS(ns)  TPWS Failing Endpoints  TPWS Total Endpoints  
    -------      -------  ---------------------  -------------------      -------      -------  ---------------------  -------------------     --------     --------  ----------------------  --------------------  
     -0.020       -0.020                      1                 1150        0.133        0.000                      0                 1150        3.750        0.000                       0                   407  


Timing constraints are not met.


------------------------------------------------------------------------------------------------
| Clock Summary
| -------------
------------------------------------------------------------------------------------------------

Clock        Waveform(ns)       Period(ns)      Frequency(MHz)
-----        ------------       ----------      --------------
sys_clk_pin  {0.000 5.000}      10.000          100.000         


------------------------------------------------------------------------------------------------
| Intra Clock Table
| -----------------
------------------------------------------------------------------------------------------------

Clock             WNS(ns)      TNS(ns)  TNS Failing Endpoints  TNS Total Endpoints      WHS(ns)      THS(ns)  THS Failing Endpoints  THS Total Endpoints     WPWS(ns)     TPWS(ns)  TPWS Failing Endpoints  TPWS Total Endpoints  
-----             -------      -------  ---------------------  -------------------      -------      -------  ---------------------  -------------------     --------     --------  ----------------------  --------------------  
sys_clk_pin        -0.020       -0.020                      1                 1150        0.133        0.000                      0                 1150        3.750        0.000                       0                   407  


------------------------------------------------------------------------------------------------
| Inter Clock Table
| -----------------
------------------------------------------------------------------------------------------------

From Clock    To Clock          WNS(ns)      TNS(ns)  TNS Failing Endpoints  TNS Total Endpoints      WHS(ns)      THS(ns)  THS Failing Endpoints  THS Total Endpoints  
----------    --------          -------      -------  ---------------------  -------------------      -------      -------  ---------------------  -------------------  


------------------------------------------------------------------------------------------------
| Other Path Groups Table
| -----------------------
------------------------------------------------------------------------------------------------

Path Group    From Clock    To Clock          WNS(ns)      TNS(ns)  TNS Failing Endpoints  TNS Total Endpoints      WHS(ns)      THS(ns)  THS Failing Endpoints  THS Total Endpoints  
----------    ----------    --------          -------      -------  ---------------------  -------------------      -------      -------  ---------------------  -------------------  


# report_route_status -file $DESIGN-route_status.rpt
# report_drc -file $DESIGN-drc.rpt
Command: report_drc -file j1soc-drc.rpt
INFO: [IP_Flow 19-234] Refreshing IP repositories
INFO: [IP_Flow 19-1704] No user IP repositories specified
INFO: [IP_Flow 19-2313] Loaded Vivado IP repository '/tools/Xilinx/Vivado/2019.2/data/ip'.
INFO: [DRC 23-27] Running DRC with 8 threads
INFO: [Coretcl 2-168] The results of DRC are in file /home/angel/github_files/lab02-2023-1-gr05_2023-1/hdl/build_vivado/j1soc-drc.rpt.
report_drc completed successfully
# report_timing_summary -datasheet -max_paths 10 -file $DESIGN-timing.rpt
INFO: [Timing 38-91] UpdateTimingParams: Speed grade: -1, Delay Type: min_max.
INFO: [Timing 38-191] Multithreading enabled for timing update using a maximum of 8 CPUs
# report_power -file $DESIGN-power.rpt
Command: report_power -file j1soc-power.rpt
Running Vector-less Activity Propagation...

Finished Running Vector-less Activity Propagation
0 Infos, 0 Warnings, 0 Critical Warnings and 0 Errors encountered.
report_power completed successfully
# write_bitstream -force $DESIGN.bit 
Command: write_bitstream -force j1soc.bit
Attempting to get a license for feature 'Implementation' and/or device 'xc7a100t'
INFO: [Common 17-349] Got license for feature 'Implementation' and/or device 'xc7a100t'
Running DRC as a precondition to command write_bitstream
INFO: [IP_Flow 19-1839] IP Catalog is up to date.
INFO: [DRC 23-27] Running DRC with 8 threads
ERROR: [DRC LUTLP-1] Combinatorial Loop Alert: 1 LUT cells form a combinatorial loop. This can create a race condition. Timing analysis may not be accurate. The preferred resolution is to modify the design to remove combinatorial logic loops. If the loop is known and understood, this DRC can be bypassed by acknowledging the condition and setting the following XDC constraint on any one of the nets in the loop: 'set_property ALLOW_COMBINATORIAL_LOOPS TRUE [get_nets <myHier/myNet>]'. One net in the loop is ledout2t_reg_i_11_n_0. Please evaluate your design. The cells in the loop are: ledout2t_reg_i_11.
WARNING: [DRC CFGBVS-1] Missing CFGBVS and CONFIG_VOLTAGE Design Properties: Neither the CFGBVS nor CONFIG_VOLTAGE voltage property is set in the current_design.  Configuration bank voltage select (CFGBVS) must be set to VCCO or GND, and CONFIG_VOLTAGE must be set to the correct configuration voltage, in order to determine the I/O voltage support for the pins in bank 0.  It is suggested to specify these either using the 'Edit Device Properties' function in the GUI or directly in the XDC file using the following syntax:

 set_property CFGBVS value1 [current_design]
 #where value1 is either VCCO or GND

 set_property CONFIG_VOLTAGE value2 [current_design]
 #where value2 is the voltage provided to configuration bank 0

Refer to the device configuration user guide for more information.
WARNING: [DRC PDRC-153] Gated clock check: Net ledout2t_reg_i_2_n_0 is a gated clock net sourced by a combinational pin ledout2t_reg_i_2/O, cell ledout2t_reg_i_2. This is not good design practice and will likely impact performance. For SLICE registers, for example, use the CE pin to control the loading of data.
WARNING: [DRC PDRC-153] Gated clock check: Net per_d/d_16/ctl_dv/DV0_reg_i_1_n_0 is a gated clock net sourced by a combinational pin per_d/d_16/ctl_dv/DV0_reg_i_1/O, cell per_d/d_16/ctl_dv/DV0_reg_i_1. This is not good design practice and will likely impact performance. For SLICE registers, for example, use the CE pin to control the loading of data.
WARNING: [DRC PLBUFGOPT-1] Non-Optimal connections to BUFG: A non-muxed BUFG sys_clk_i_IBUF_BUFG_inst is driven by another global buffer sys_clk_i_IBUF_BUFG_inst_replica. Remove non-muxed BUFG if it is not desired
WARNING: [DRC PLBUFGOPT-1] Non-Optimal connections to BUFG: A non-muxed BUFG sys_clk_i_IBUF_BUFG_inst_replica_1 is driven by another global buffer sys_clk_i_IBUF_BUFG_inst_replica. Remove non-muxed BUFG if it is not desired
INFO: [Vivado 12-3199] DRC finished with 1 Errors, 5 Warnings
INFO: [Vivado 12-3200] Please refer to the DRC report (report_drc) for more information.
ERROR: [Vivado 12-1345] Error(s) found during DRC. Bitgen not run.
INFO: [Common 17-83] Releasing license: Implementation
6 Infos, 5 Warnings, 0 Critical Warnings and 2 Errors encountered.
write_bitstream failed
write_bitstream: Time (s): cpu = 00:00:03 ; elapsed = 00:00:06 . Memory (MB): peak = 2891.887 ; gain = 0.000 ; free physical = 6501 ; free virtual = 10979
ERROR: [Common 17-39] 'write_bitstream' failed due to earlier errors.

    while executing
"write_bitstream -force $DESIGN.bit "
    (file "../synthesis_vivado.tcl" line 85)
INFO: [Common 17-206] Exiting Vivado at Sat Mar 18 09:20:22 2023...
